2024-02-06 09:39:17 [restartedMain] INFO  c.a.p.h.application.HEADSApplication - logStarting 55 : Starting HEADSApplication on DESKTOP-J7B43I1 with PID 7212 (E:\PRADYUMNA WORKSPACE\HEADS_CORE\HEADS-CORE\target\classes started by AASHDIT in E:\PRADYUMNA WORKSPACE\HEADS_CORE\HEADS-CORE)
2024-02-06 09:39:17 [restartedMain] DEBUG c.a.p.h.application.HEADSApplication - logStarting 56 : Running with Spring Boot v2.3.1.RELEASE, Spring v5.2.7.RELEASE
2024-02-06 09:39:17 [restartedMain] INFO  c.a.p.h.application.HEADSApplication - logStartupProfileInfo 655 : The following profiles are active: dev
2024-02-06 09:39:32 [restartedMain] WARN  Hibernate Types - printBanner 282 : You should use Hypersistence Optimizer to speed up your Hibernate application!
2024-02-06 09:39:32 [restartedMain] WARN  Hibernate Types - printBanner 283 : For more details, go to https://vladmihalcea.com/hypersistence-optimizer/
2024-02-06 09:39:32 [restartedMain] INFO  Hibernate Types - printBanner 285 : 
 _    _                           _     _
| |  | |                         (_)   | |
| |__| |_   _ _ __   ___ _ __ ___ _ ___| |_ ___ _ __   ___ ___
|  __  | | | | '_ \ / _ \ '__/ __| / __| __/ _ \ '_ \ / __/ _ \
| |  | | |_| | |_) |  __/ |  \__ \ \__ \ ||  __/ | | | (_|  __/
|_|  |_|\__, | .__/ \___|_|  |___/_|___/\__\___|_| |_|\___\___|
         __/ | |
        |___/|_|

           ____        _   _           _
          / __ \      | | (_)         (_)
         | |  | |_ __ | |_ _ _ __ ___  _ _______ _ __
         | |  | | '_ \| __| | '_ ` _ \| |_  / _ \ '__|
         | |__| | |_) | |_| | | | | | | |/ /  __/ |
          \____/| .__/ \__|_|_| |_| |_|_/___\___|_|
                | |
                |_|

2024-02-06 09:39:32 [restartedMain] INFO  Hibernate Types - printBanner 309 : Check out the README page for more info about the Hypersistence Optimizer banner https://github.com/vladmihalcea/hibernate-types#how-to-remove-the-hypersistence-optimizer-banner-from-the-log
2024-02-06 09:39:38 [restartedMain] DEBUG c.a.prod.heads.security.JwtFilter - init 242 : Filter 'jwtFilter' configured for use
2024-02-06 09:39:50 [restartedMain] INFO  c.a.p.h.application.HEADSApplication - logStarted 61 : Started HEADSApplication in 33.774 seconds (JVM running for 36.029)
2024-02-06 09:43:53 [http-nio-6363-exec-2] INFO  c.a.p.heads.config.SessionListener - sessionCreated 16 : Session Created
2024-02-06 09:43:56 [http-nio-6363-exec-10] DEBUG c.a.p.h.c.umt.CaptchaController - generateCaptcha 108 : Captcha Option set to s
2024-02-06 09:45:13 [http-nio-6363-exec-3] DEBUG c.a.p.h.c.CustomLoginController - doLogin 136 : ignoring captcha
2024-02-06 09:45:14 [http-nio-6363-exec-3] INFO  c.a.p.heads.config.SessionListener - sessionDestroyed 22 : Session Expired
2024-02-06 09:45:14 [http-nio-6363-exec-3] INFO  c.a.p.heads.config.SessionListener - sessionCreated 16 : Session Created
2024-02-06 10:16:40 [Catalina-utility-1] INFO  c.a.p.heads.config.SessionListener - sessionDestroyed 22 : Session Expired
2024-02-06 13:46:11 [http-nio-6363-exec-8] INFO  c.a.p.heads.config.SessionListener - sessionCreated 16 : Session Created
2024-02-06 13:46:11 [http-nio-6363-exec-6] DEBUG c.a.p.h.c.umt.CaptchaController - generateCaptcha 108 : Captcha Option set to s
2024-02-06 13:46:16 [http-nio-6363-exec-2] DEBUG c.a.p.h.c.CustomLoginController - doLogin 136 : ignoring captcha
2024-02-06 13:46:16 [http-nio-6363-exec-2] INFO  c.a.p.heads.config.SessionListener - sessionDestroyed 22 : Session Expired
2024-02-06 13:46:16 [http-nio-6363-exec-2] INFO  c.a.p.heads.config.SessionListener - sessionCreated 16 : Session Created
2024-02-06 13:52:02 [restartedMain] INFO  c.a.p.h.application.HEADSApplication - logStarting 55 : Starting HEADSApplication on DESKTOP-J7B43I1 with PID 7212 (E:\PRADYUMNA WORKSPACE\HEADS_CORE\HEADS-CORE\target\classes started by AASHDIT in E:\PRADYUMNA WORKSPACE\HEADS_CORE\HEADS-CORE)
2024-02-06 13:52:02 [restartedMain] DEBUG c.a.p.h.application.HEADSApplication - logStarting 56 : Running with Spring Boot v2.3.1.RELEASE, Spring v5.2.7.RELEASE
2024-02-06 13:52:02 [restartedMain] INFO  c.a.p.h.application.HEADSApplication - logStartupProfileInfo 655 : The following profiles are active: dev
2024-02-06 13:52:25 [restartedMain] DEBUG c.a.prod.heads.security.JwtFilter - init 242 : Filter 'jwtFilter' configured for use
2024-02-06 13:52:33 [restartedMain] INFO  c.a.p.h.application.HEADSApplication - logStarted 61 : Started HEADSApplication in 31.163 seconds (JVM running for 15198.68)
2024-02-06 13:52:58 [http-nio-6363-exec-7] INFO  c.a.p.heads.config.SessionListener - sessionDestroyed 22 : Session Expired
2024-02-06 13:52:58 [http-nio-6363-exec-10] INFO  c.a.p.heads.config.SessionListener - sessionCreated 16 : Session Created
2024-02-06 13:52:58 [http-nio-6363-exec-5] DEBUG c.a.p.h.c.umt.CaptchaController - generateCaptcha 108 : Captcha Option set to s
2024-02-06 13:53:27 [http-nio-6363-exec-6] DEBUG c.a.p.h.c.CustomLoginController - doLogin 136 : ignoring captcha
2024-02-06 13:53:27 [http-nio-6363-exec-6] INFO  c.a.p.heads.config.SessionListener - sessionDestroyed 22 : Session Expired
2024-02-06 13:53:27 [http-nio-6363-exec-6] INFO  c.a.p.heads.config.SessionListener - sessionCreated 16 : Session Created
2024-02-06 13:57:06 [restartedMain] INFO  c.a.p.h.application.HEADSApplication - logStarting 55 : Starting HEADSApplication on DESKTOP-J7B43I1 with PID 7212 (E:\PRADYUMNA WORKSPACE\HEADS_CORE\HEADS-CORE\target\classes started by AASHDIT in E:\PRADYUMNA WORKSPACE\HEADS_CORE\HEADS-CORE)
2024-02-06 13:57:06 [restartedMain] DEBUG c.a.p.h.application.HEADSApplication - logStarting 56 : Running with Spring Boot v2.3.1.RELEASE, Spring v5.2.7.RELEASE
2024-02-06 13:57:06 [restartedMain] INFO  c.a.p.h.application.HEADSApplication - logStartupProfileInfo 655 : The following profiles are active: dev
2024-02-06 13:57:10 [restartedMain] DEBUG c.a.prod.heads.security.JwtFilter - init 242 : Filter 'jwtFilter' configured for use
2024-02-06 13:57:18 [restartedMain] INFO  c.a.p.h.application.HEADSApplication - logStarted 61 : Started HEADSApplication in 12.122 seconds (JVM running for 15483.663)
2024-02-06 14:00:23 [restartedMain] INFO  c.a.p.h.application.HEADSApplication - logStarting 55 : Starting HEADSApplication on DESKTOP-J7B43I1 with PID 7212 (E:\PRADYUMNA WORKSPACE\HEADS_CORE\HEADS-CORE\target\classes started by AASHDIT in E:\PRADYUMNA WORKSPACE\HEADS_CORE\HEADS-CORE)
2024-02-06 14:00:23 [restartedMain] DEBUG c.a.p.h.application.HEADSApplication - logStarting 56 : Running with Spring Boot v2.3.1.RELEASE, Spring v5.2.7.RELEASE
2024-02-06 14:00:23 [restartedMain] INFO  c.a.p.h.application.HEADSApplication - logStartupProfileInfo 655 : The following profiles are active: dev
2024-02-06 14:00:34 [restartedMain] DEBUG c.a.prod.heads.security.JwtFilter - init 242 : Filter 'jwtFilter' configured for use
2024-02-06 14:00:45 [restartedMain] INFO  c.a.p.h.application.HEADSApplication - logStarted 61 : Started HEADSApplication in 22.078 seconds (JVM running for 15690.929)
2024-02-06 14:55:19 [Catalina-utility-1] INFO  c.a.p.heads.config.SessionListener - sessionDestroyed 22 : Session Expired
2024-02-06 14:59:34 [http-nio-6363-exec-8] INFO  c.a.p.heads.config.SessionListener - sessionCreated 16 : Session Created
2024-02-06 14:59:35 [http-nio-6363-exec-7] DEBUG c.a.p.h.c.umt.CaptchaController - generateCaptcha 108 : Captcha Option set to s
2024-02-06 14:59:43 [http-nio-6363-exec-2] DEBUG c.a.p.h.c.CustomLoginController - doLogin 136 : ignoring captcha
2024-02-06 14:59:43 [http-nio-6363-exec-2] INFO  c.a.p.heads.config.SessionListener - sessionDestroyed 22 : Session Expired
2024-02-06 14:59:43 [http-nio-6363-exec-2] INFO  c.a.p.heads.config.SessionListener - sessionCreated 16 : Session Created
2024-02-06 15:00:52 [restartedMain] INFO  c.a.p.h.application.HEADSApplication - logStarting 55 : Starting HEADSApplication on DESKTOP-J7B43I1 with PID 7212 (E:\PRADYUMNA WORKSPACE\HEADS_CORE\HEADS-CORE\target\classes started by AASHDIT in E:\PRADYUMNA WORKSPACE\HEADS_CORE\HEADS-CORE)
2024-02-06 15:00:52 [restartedMain] DEBUG c.a.p.h.application.HEADSApplication - logStarting 56 : Running with Spring Boot v2.3.1.RELEASE, Spring v5.2.7.RELEASE
2024-02-06 15:00:52 [restartedMain] INFO  c.a.p.h.application.HEADSApplication - logStartupProfileInfo 655 : The following profiles are active: dev
2024-02-06 15:00:59 [restartedMain] DEBUG c.a.prod.heads.security.JwtFilter - init 242 : Filter 'jwtFilter' configured for use
2024-02-06 15:01:07 [restartedMain] INFO  c.a.p.h.application.HEADSApplication - logStarted 61 : Started HEADSApplication in 14.382 seconds (JVM running for 19312.715)
2024-02-06 16:03:03 [Catalina-utility-2] INFO  c.a.p.heads.config.SessionListener - sessionDestroyed 22 : Session Expired
2024-02-06 16:08:20 [http-nio-6363-exec-10] INFO  c.a.p.heads.config.SessionListener - sessionCreated 16 : Session Created
2024-02-06 16:08:20 [http-nio-6363-exec-4] DEBUG c.a.p.h.c.umt.CaptchaController - generateCaptcha 108 : Captcha Option set to s
2024-02-06 16:08:23 [http-nio-6363-exec-5] DEBUG c.a.p.h.c.CustomLoginController - doLogin 136 : ignoring captcha
2024-02-06 16:08:23 [http-nio-6363-exec-5] INFO  c.a.p.heads.config.SessionListener - sessionDestroyed 22 : Session Expired
2024-02-06 16:08:23 [http-nio-6363-exec-5] INFO  c.a.p.heads.config.SessionListener - sessionCreated 16 : Session Created
2024-02-06 16:39:05 [Catalina-utility-1] INFO  c.a.p.heads.config.SessionListener - sessionDestroyed 22 : Session Expired
2024-02-06 16:46:26 [http-nio-6363-exec-10] INFO  c.a.p.heads.config.SessionListener - sessionCreated 16 : Session Created
2024-02-06 16:46:27 [http-nio-6363-exec-3] DEBUG c.a.p.h.c.umt.CaptchaController - generateCaptcha 108 : Captcha Option set to s
2024-02-06 16:46:29 [http-nio-6363-exec-5] DEBUG c.a.p.h.c.CustomLoginController - doLogin 136 : ignoring captcha
2024-02-06 16:46:29 [http-nio-6363-exec-5] INFO  c.a.p.heads.config.SessionListener - sessionDestroyed 22 : Session Expired
2024-02-06 16:46:29 [http-nio-6363-exec-5] INFO  c.a.p.heads.config.SessionListener - sessionCreated 16 : Session Created
2024-02-06 17:00:16 [restartedMain] INFO  c.a.p.h.application.HEADSApplication - logStarting 55 : Starting HEADSApplication on DESKTOP-J7B43I1 with PID 7232 (E:\PRADYUMNA WORKSPACE\HEADS_CORE\HEADS-CORE\target\classes started by AASHDIT in E:\PRADYUMNA WORKSPACE\HEADS_CORE\HEADS-CORE)
2024-02-06 17:00:16 [restartedMain] DEBUG c.a.p.h.application.HEADSApplication - logStarting 56 : Running with Spring Boot v2.3.1.RELEASE, Spring v5.2.7.RELEASE
2024-02-06 17:00:16 [restartedMain] INFO  c.a.p.h.application.HEADSApplication - logStartupProfileInfo 655 : The following profiles are active: dev
2024-02-06 17:00:21 [restartedMain] WARN  Hibernate Types - printBanner 282 : You should use Hypersistence Optimizer to speed up your Hibernate application!
2024-02-06 17:00:21 [restartedMain] WARN  Hibernate Types - printBanner 283 : For more details, go to https://vladmihalcea.com/hypersistence-optimizer/
2024-02-06 17:00:21 [restartedMain] INFO  Hibernate Types - printBanner 285 : 
 _    _                           _     _
| |  | |                         (_)   | |
| |__| |_   _ _ __   ___ _ __ ___ _ ___| |_ ___ _ __   ___ ___
|  __  | | | | '_ \ / _ \ '__/ __| / __| __/ _ \ '_ \ / __/ _ \
| |  | | |_| | |_) |  __/ |  \__ \ \__ \ ||  __/ | | | (_|  __/
|_|  |_|\__, | .__/ \___|_|  |___/_|___/\__\___|_| |_|\___\___|
         __/ | |
        |___/|_|

           ____        _   _           _
          / __ \      | | (_)         (_)
         | |  | |_ __ | |_ _ _ __ ___  _ _______ _ __
         | |  | | '_ \| __| | '_ ` _ \| |_  / _ \ '__|
         | |__| | |_) | |_| | | | | | | |/ /  __/ |
          \____/| .__/ \__|_|_| |_| |_|_/___\___|_|
                | |
                |_|

2024-02-06 17:00:21 [restartedMain] INFO  Hibernate Types - printBanner 309 : Check out the README page for more info about the Hypersistence Optimizer banner https://github.com/vladmihalcea/hibernate-types#how-to-remove-the-hypersistence-optimizer-banner-from-the-log
2024-02-06 17:00:26 [restartedMain] DEBUG c.a.prod.heads.security.JwtFilter - init 242 : Filter 'jwtFilter' configured for use
2024-02-06 17:00:34 [restartedMain] INFO  c.a.p.h.application.HEADSApplication - logStarted 61 : Started HEADSApplication in 18.514 seconds (JVM running for 19.564)
2024-02-06 17:02:03 [http-nio-6363-exec-4] INFO  c.a.p.heads.config.SessionListener - sessionCreated 16 : Session Created
2024-02-06 17:02:05 [http-nio-6363-exec-7] DEBUG c.a.p.h.c.umt.CaptchaController - generateCaptcha 108 : Captcha Option set to s
2024-02-06 17:02:08 [http-nio-6363-exec-9] DEBUG c.a.p.h.c.CustomLoginController - doLogin 136 : ignoring captcha
2024-02-06 17:02:17 [http-nio-6363-exec-9] INFO  c.a.p.heads.config.SessionListener - sessionDestroyed 22 : Session Expired
2024-02-06 17:02:17 [http-nio-6363-exec-9] INFO  c.a.p.heads.config.SessionListener - sessionCreated 16 : Session Created
2024-02-06 18:09:35 [Catalina-utility-2] INFO  c.a.p.heads.config.SessionListener - sessionDestroyed 22 : Session Expired
2024-02-06 18:10:46 [http-nio-6363-exec-3] INFO  c.a.p.heads.config.SessionListener - sessionCreated 16 : Session Created
2024-02-06 18:10:47 [http-nio-6363-exec-4] DEBUG c.a.p.h.c.umt.CaptchaController - generateCaptcha 108 : Captcha Option set to s
2024-02-06 18:10:49 [http-nio-6363-exec-8] DEBUG c.a.p.h.c.CustomLoginController - doLogin 136 : ignoring captcha
2024-02-06 18:10:49 [http-nio-6363-exec-8] INFO  c.a.p.heads.config.SessionListener - sessionDestroyed 22 : Session Expired
2024-02-06 18:10:49 [http-nio-6363-exec-8] INFO  c.a.p.heads.config.SessionListener - sessionCreated 16 : Session Created
2024-02-06 18:41:37 [Catalina-utility-1] INFO  c.a.p.heads.config.SessionListener - sessionDestroyed 22 : Session Expired
2024-02-06 19:05:09 [http-nio-6363-exec-8] INFO  c.a.p.heads.config.SessionListener - sessionCreated 16 : Session Created
2024-02-06 19:05:09 [http-nio-6363-exec-9] DEBUG c.a.p.h.c.umt.CaptchaController - generateCaptcha 108 : Captcha Option set to s
2024-02-06 19:05:34 [http-nio-6363-exec-4] DEBUG c.a.p.h.c.umt.CaptchaController - generateCaptcha 108 : Captcha Option set to s
2024-02-06 19:05:59 [http-nio-6363-exec-2] DEBUG c.a.p.h.c.CustomLoginController - doLogin 136 : ignoring captcha
2024-02-06 19:05:59 [http-nio-6363-exec-2] INFO  c.a.p.heads.config.SessionListener - sessionDestroyed 22 : Session Expired
2024-02-06 19:05:59 [http-nio-6363-exec-2] INFO  c.a.p.heads.config.SessionListener - sessionCreated 16 : Session Created
2024-02-06 19:37:08 [Catalina-utility-2] INFO  c.a.p.heads.config.SessionListener - sessionDestroyed 22 : Session Expired
