2024-03-14 10:15:25 [restartedMain] INFO  c.a.p.c.a.CMC_SWPApplication - logStarting 55 : Starting CMC_SWPApplication on DESKTOP-J7B43I1 with PID 1288 (E:\PRADYUMNA WORKSPACE\CMC\CMC-SWP\target\classes started by AASHDIT in E:\PRADYUMNA WORKSPACE\CMC\CMC-SWP)
2024-03-14 10:15:25 [restartedMain] DEBUG c.a.p.c.a.CMC_SWPApplication - logStarting 56 : Running with Spring Boot v2.3.1.RELEASE, Spring v5.2.7.RELEASE
2024-03-14 10:15:25 [restartedMain] INFO  c.a.p.c.a.CMC_SWPApplication - logStartupProfileInfo 655 : The following profiles are active: dev
2024-03-14 10:15:32 [restartedMain] WARN  Hibernate Types - printBanner 282 : You should use Hypersistence Optimizer to speed up your Hibernate application!
2024-03-14 10:15:32 [restartedMain] WARN  Hibernate Types - printBanner 283 : For more details, go to https://vladmihalcea.com/hypersistence-optimizer/
2024-03-14 10:15:32 [restartedMain] INFO  Hibernate Types - printBanner 285 : 
 _    _                           _     _
| |  | |                         (_)   | |
| |__| |_   _ _ __   ___ _ __ ___ _ ___| |_ ___ _ __   ___ ___
|  __  | | | | '_ \ / _ \ '__/ __| / __| __/ _ \ '_ \ / __/ _ \
| |  | | |_| | |_) |  __/ |  \__ \ \__ \ ||  __/ | | | (_|  __/
|_|  |_|\__, | .__/ \___|_|  |___/_|___/\__\___|_| |_|\___\___|
         __/ | |
        |___/|_|

           ____        _   _           _
          / __ \      | | (_)         (_)
         | |  | |_ __ | |_ _ _ __ ___  _ _______ _ __
         | |  | | '_ \| __| | '_ ` _ \| |_  / _ \ '__|
         | |__| | |_) | |_| | | | | | | |/ /  __/ |
          \____/| .__/ \__|_|_| |_| |_|_/___\___|_|
                | |
                |_|

2024-03-14 10:15:32 [restartedMain] INFO  Hibernate Types - printBanner 309 : Check out the README page for more info about the Hypersistence Optimizer banner https://github.com/vladmihalcea/hibernate-types#how-to-remove-the-hypersistence-optimizer-banner-from-the-log
2024-03-14 10:15:35 [restartedMain] DEBUG c.a.prod.cmc.security.JwtFilter - init 242 : Filter 'jwtFilter' configured for use
2024-03-14 10:15:39 [restartedMain] INFO  c.a.p.c.a.CMC_SWPApplication - logStarted 61 : Started CMC_SWPApplication in 14.367 seconds (JVM running for 15.583)
2024-03-14 10:17:55 [http-nio-6363-exec-2] INFO  c.a.prod.cmc.config.SessionListener - sessionCreated 16 : Session Created
2024-03-14 10:17:59 [http-nio-6363-exec-4] DEBUG c.a.p.c.c.umt.CaptchaController - generateCaptcha 108 : Captcha Option set to s
2024-03-14 10:18:01 [http-nio-6363-exec-5] DEBUG c.a.p.c.c.umt.CaptchaController - generateCaptcha 108 : Captcha Option set to s
2024-03-14 10:20:45 [http-nio-6363-exec-8] DEBUG c.a.p.c.c.umt.CaptchaController - generateCaptcha 108 : Captcha Option set to s
2024-03-14 10:21:20 [http-nio-6363-exec-1] DEBUG c.a.p.c.c.umt.CaptchaController - generateCaptcha 108 : Captcha Option set to s
2024-03-14 10:21:53 [http-nio-6363-exec-2] DEBUG c.a.p.c.c.CustomLoginController - doLogin 129 : ignoring captcha
2024-03-14 10:21:54 [http-nio-6363-exec-2] INFO  c.a.prod.cmc.config.SessionListener - sessionDestroyed 22 : Session Expired
2024-03-14 10:21:54 [http-nio-6363-exec-2] INFO  c.a.prod.cmc.config.SessionListener - sessionCreated 16 : Session Created
2024-03-14 10:50:18 [restartedMain] INFO  c.a.p.c.a.CMC_SWPApplication - logStarting 55 : Starting CMC_SWPApplication on DESKTOP-J7B43I1 with PID 26344 (E:\PRADYUMNA WORKSPACE\CMC\CMC-SWP\target\classes started by AASHDIT in E:\PRADYUMNA WORKSPACE\CMC\CMC-SWP)
2024-03-14 10:50:18 [restartedMain] DEBUG c.a.p.c.a.CMC_SWPApplication - logStarting 56 : Running with Spring Boot v2.3.1.RELEASE, Spring v5.2.7.RELEASE
2024-03-14 10:50:18 [restartedMain] INFO  c.a.p.c.a.CMC_SWPApplication - logStartupProfileInfo 655 : The following profiles are active: dev
2024-03-14 10:50:30 [restartedMain] WARN  Hibernate Types - printBanner 282 : You should use Hypersistence Optimizer to speed up your Hibernate application!
2024-03-14 10:50:30 [restartedMain] WARN  Hibernate Types - printBanner 283 : For more details, go to https://vladmihalcea.com/hypersistence-optimizer/
2024-03-14 10:50:30 [restartedMain] INFO  Hibernate Types - printBanner 285 : 
 _    _                           _     _
| |  | |                         (_)   | |
| |__| |_   _ _ __   ___ _ __ ___ _ ___| |_ ___ _ __   ___ ___
|  __  | | | | '_ \ / _ \ '__/ __| / __| __/ _ \ '_ \ / __/ _ \
| |  | | |_| | |_) |  __/ |  \__ \ \__ \ ||  __/ | | | (_|  __/
|_|  |_|\__, | .__/ \___|_|  |___/_|___/\__\___|_| |_|\___\___|
         __/ | |
        |___/|_|

           ____        _   _           _
          / __ \      | | (_)         (_)
         | |  | |_ __ | |_ _ _ __ ___  _ _______ _ __
         | |  | | '_ \| __| | '_ ` _ \| |_  / _ \ '__|
         | |__| | |_) | |_| | | | | | | |/ /  __/ |
          \____/| .__/ \__|_|_| |_| |_|_/___\___|_|
                | |
                |_|

2024-03-14 10:50:30 [restartedMain] INFO  Hibernate Types - printBanner 309 : Check out the README page for more info about the Hypersistence Optimizer banner https://github.com/vladmihalcea/hibernate-types#how-to-remove-the-hypersistence-optimizer-banner-from-the-log
2024-03-14 10:50:36 [restartedMain] DEBUG c.a.prod.cmc.security.JwtFilter - init 242 : Filter 'jwtFilter' configured for use
2024-03-14 10:50:45 [restartedMain] INFO  c.a.p.c.a.CMC_SWPApplication - logStarted 61 : Started CMC_SWPApplication in 28.782 seconds (JVM running for 31.269)
2024-03-14 10:51:34 [http-nio-6363-exec-2] INFO  c.a.prod.cmc.config.SessionListener - sessionCreated 16 : Session Created
2024-03-14 10:51:37 [http-nio-6363-exec-9] DEBUG c.a.p.c.c.umt.CaptchaController - generateCaptcha 108 : Captcha Option set to s
2024-03-14 10:51:38 [http-nio-6363-exec-6] DEBUG c.a.p.c.c.umt.CaptchaController - generateCaptcha 108 : Captcha Option set to s
2024-03-14 10:51:42 [http-nio-6363-exec-5] DEBUG c.a.p.c.c.CustomLoginController - doLogin 129 : ignoring captcha
2024-03-14 10:51:42 [http-nio-6363-exec-5] INFO  c.a.prod.cmc.config.SessionListener - sessionDestroyed 22 : Session Expired
2024-03-14 10:51:42 [http-nio-6363-exec-5] INFO  c.a.prod.cmc.config.SessionListener - sessionCreated 16 : Session Created
2024-03-14 10:58:55 [restartedMain] INFO  c.a.p.c.a.CMC_SWPApplication - logStarting 55 : Starting CMC_SWPApplication on DESKTOP-J7B43I1 with PID 25740 (E:\PRADYUMNA WORKSPACE\CMC\CMC-SWP\target\classes started by AASHDIT in E:\PRADYUMNA WORKSPACE\CMC\CMC-SWP)
2024-03-14 10:58:55 [restartedMain] DEBUG c.a.p.c.a.CMC_SWPApplication - logStarting 56 : Running with Spring Boot v2.3.1.RELEASE, Spring v5.2.7.RELEASE
2024-03-14 10:58:55 [restartedMain] INFO  c.a.p.c.a.CMC_SWPApplication - logStartupProfileInfo 655 : The following profiles are active: dev
2024-03-14 10:59:07 [restartedMain] WARN  Hibernate Types - printBanner 282 : You should use Hypersistence Optimizer to speed up your Hibernate application!
2024-03-14 10:59:07 [restartedMain] WARN  Hibernate Types - printBanner 283 : For more details, go to https://vladmihalcea.com/hypersistence-optimizer/
2024-03-14 10:59:07 [restartedMain] INFO  Hibernate Types - printBanner 285 : 
 _    _                           _     _
| |  | |                         (_)   | |
| |__| |_   _ _ __   ___ _ __ ___ _ ___| |_ ___ _ __   ___ ___
|  __  | | | | '_ \ / _ \ '__/ __| / __| __/ _ \ '_ \ / __/ _ \
| |  | | |_| | |_) |  __/ |  \__ \ \__ \ ||  __/ | | | (_|  __/
|_|  |_|\__, | .__/ \___|_|  |___/_|___/\__\___|_| |_|\___\___|
         __/ | |
        |___/|_|

           ____        _   _           _
          / __ \      | | (_)         (_)
         | |  | |_ __ | |_ _ _ __ ___  _ _______ _ __
         | |  | | '_ \| __| | '_ ` _ \| |_  / _ \ '__|
         | |__| | |_) | |_| | | | | | | |/ /  __/ |
          \____/| .__/ \__|_|_| |_| |_|_/___\___|_|
                | |
                |_|

2024-03-14 10:59:07 [restartedMain] INFO  Hibernate Types - printBanner 309 : Check out the README page for more info about the Hypersistence Optimizer banner https://github.com/vladmihalcea/hibernate-types#how-to-remove-the-hypersistence-optimizer-banner-from-the-log
2024-03-14 10:59:14 [restartedMain] DEBUG c.a.prod.cmc.security.JwtFilter - init 242 : Filter 'jwtFilter' configured for use
2024-03-14 10:59:22 [restartedMain] INFO  c.a.p.c.a.CMC_SWPApplication - logStarted 61 : Started CMC_SWPApplication in 28.769 seconds (JVM running for 31.065)
2024-03-14 11:01:15 [http-nio-6363-exec-1] INFO  c.a.prod.cmc.config.SessionListener - sessionDestroyed 22 : Session Expired
2024-03-14 11:01:15 [http-nio-6363-exec-5] INFO  c.a.prod.cmc.config.SessionListener - sessionCreated 16 : Session Created
2024-03-14 11:01:16 [http-nio-6363-exec-3] DEBUG c.a.p.c.c.umt.CaptchaController - generateCaptcha 108 : Captcha Option set to s
2024-03-14 11:01:18 [http-nio-6363-exec-9] DEBUG c.a.p.c.c.umt.CaptchaController - generateCaptcha 108 : Captcha Option set to s
2024-03-14 11:01:30 [http-nio-6363-exec-2] DEBUG c.a.p.c.c.CustomLoginController - doLogin 129 : ignoring captcha
2024-03-14 11:01:31 [http-nio-6363-exec-2] INFO  c.a.prod.cmc.config.SessionListener - sessionDestroyed 22 : Session Expired
2024-03-14 11:01:31 [http-nio-6363-exec-2] INFO  c.a.prod.cmc.config.SessionListener - sessionCreated 16 : Session Created
2024-03-14 11:01:58 [http-nio-6363-exec-2] DEBUG c.a.p.c.service.umt.MenuServiceImpl - assignMenu 216 :  Menu 624was false from role : ROLE_ACDM_ADMIN
2024-03-14 11:01:58 [http-nio-6363-exec-2] DEBUG c.a.p.c.service.umt.MenuServiceImpl - assignMenu 216 :  Menu 625was false from role : ROLE_ACDM_ADMIN
2024-03-14 11:01:58 [http-nio-6363-exec-2] DEBUG c.a.p.c.service.umt.MenuServiceImpl - assignMenu 216 :  Menu 626was false from role : ROLE_ACDM_ADMIN
2024-03-14 11:01:58 [http-nio-6363-exec-2] DEBUG c.a.p.c.service.umt.MenuServiceImpl - assignMenu 216 :  Menu 59was false from role : ROLE_ACDM_ADMIN
2024-03-14 11:01:58 [http-nio-6363-exec-2] DEBUG c.a.p.c.service.umt.MenuServiceImpl - assignMenu 216 :  Menu 56was false from role : ROLE_ACDM_ADMIN
2024-03-14 11:01:58 [http-nio-6363-exec-2] DEBUG c.a.p.c.service.umt.MenuServiceImpl - assignMenu 216 :  Menu 62was false from role : ROLE_ACDM_ADMIN
2024-03-14 11:01:58 [http-nio-6363-exec-2] DEBUG c.a.p.c.service.umt.MenuServiceImpl - assignMenu 216 :  Menu 63was false from role : ROLE_ACDM_ADMIN
2024-03-14 11:01:58 [http-nio-6363-exec-2] DEBUG c.a.p.c.service.umt.MenuServiceImpl - assignMenu 216 :  Menu 661was false from role : ROLE_ACDM_ADMIN
2024-03-14 11:01:58 [http-nio-6363-exec-2] DEBUG c.a.p.c.service.umt.MenuServiceImpl - assignMenu 216 :  Menu 628was false from role : ROLE_ACDM_ADMIN
2024-03-14 11:01:58 [http-nio-6363-exec-2] DEBUG c.a.p.c.service.umt.MenuServiceImpl - assignMenu 216 :  Menu 627was false from role : ROLE_ACDM_ADMIN
2024-03-14 11:01:58 [http-nio-6363-exec-2] DEBUG c.a.p.c.service.umt.MenuServiceImpl - assignMenu 216 :  Menu 629was false from role : ROLE_ACDM_ADMIN
2024-03-14 11:01:58 [http-nio-6363-exec-2] DEBUG c.a.p.c.service.umt.MenuServiceImpl - assignMenu 216 :  Menu 763was false from role : ROLE_ACDM_ADMIN
2024-03-14 11:01:58 [http-nio-6363-exec-2] DEBUG c.a.p.c.service.umt.MenuServiceImpl - assignMenu 216 :  Menu 762was false from role : ROLE_ACDM_ADMIN
2024-03-14 11:01:58 [http-nio-6363-exec-2] DEBUG c.a.p.c.service.umt.MenuServiceImpl - assignMenu 216 :  Menu 764was false from role : ROLE_ACDM_ADMIN
2024-03-14 11:01:58 [http-nio-6363-exec-2] DEBUG c.a.p.c.service.umt.MenuServiceImpl - assignMenu 216 :  Menu 765was false from role : ROLE_ACDM_ADMIN
2024-03-14 11:01:58 [http-nio-6363-exec-2] DEBUG c.a.p.c.service.umt.MenuServiceImpl - assignMenu 216 :  Menu 654was false from role : ROLE_ACDM_ADMIN
2024-03-14 11:01:58 [http-nio-6363-exec-2] DEBUG c.a.p.c.service.umt.MenuServiceImpl - assignMenu 216 :  Menu 655was false from role : ROLE_ACDM_ADMIN
2024-03-14 11:01:58 [http-nio-6363-exec-2] DEBUG c.a.p.c.service.umt.MenuServiceImpl - assignMenu 216 :  Menu 656was false from role : ROLE_ACDM_ADMIN
2024-03-14 11:01:58 [http-nio-6363-exec-2] DEBUG c.a.p.c.service.umt.MenuServiceImpl - assignMenu 216 :  Menu 657was false from role : ROLE_ACDM_ADMIN
2024-03-14 11:01:58 [http-nio-6363-exec-2] DEBUG c.a.p.c.service.umt.MenuServiceImpl - assignMenu 216 :  Menu 658was false from role : ROLE_ACDM_ADMIN
2024-03-14 11:01:58 [http-nio-6363-exec-2] DEBUG c.a.p.c.service.umt.MenuServiceImpl - assignMenu 216 :  Menu 380was false from role : ROLE_ACDM_ADMIN
2024-03-14 11:01:58 [http-nio-6363-exec-2] DEBUG c.a.p.c.service.umt.MenuServiceImpl - assignMenu 216 :  Menu 383was false from role : ROLE_ACDM_ADMIN
2024-03-14 11:01:58 [http-nio-6363-exec-2] DEBUG c.a.p.c.service.umt.MenuServiceImpl - assignMenu 216 :  Menu 381was false from role : ROLE_ACDM_ADMIN
2024-03-14 11:01:58 [http-nio-6363-exec-2] DEBUG c.a.p.c.service.umt.MenuServiceImpl - assignMenu 216 :  Menu 382was false from role : ROLE_ACDM_ADMIN
2024-03-14 11:01:58 [http-nio-6363-exec-2] DEBUG c.a.p.c.service.umt.MenuServiceImpl - assignMenu 216 :  Menu 384was false from role : ROLE_ACDM_ADMIN
2024-03-14 11:01:58 [http-nio-6363-exec-2] DEBUG c.a.p.c.service.umt.MenuServiceImpl - assignMenu 216 :  Menu 386was false from role : ROLE_ACDM_ADMIN
2024-03-14 11:01:58 [http-nio-6363-exec-2] DEBUG c.a.p.c.service.umt.MenuServiceImpl - assignMenu 216 :  Menu 151was false from role : ROLE_ACDM_ADMIN
2024-03-14 11:01:58 [http-nio-6363-exec-2] DEBUG c.a.p.c.service.umt.MenuServiceImpl - assignMenu 216 :  Menu 150was false from role : ROLE_ACDM_ADMIN
2024-03-14 11:01:58 [http-nio-6363-exec-2] DEBUG c.a.p.c.service.umt.MenuServiceImpl - assignMenu 216 :  Menu 297was false from role : ROLE_ACDM_ADMIN
2024-03-14 11:01:58 [http-nio-6363-exec-2] DEBUG c.a.p.c.service.umt.MenuServiceImpl - assignMenu 216 :  Menu 152was false from role : ROLE_ACDM_ADMIN
2024-03-14 11:01:58 [http-nio-6363-exec-2] DEBUG c.a.p.c.service.umt.MenuServiceImpl - assignMenu 216 :  Menu 190was false from role : ROLE_ACDM_ADMIN
2024-03-14 11:01:58 [http-nio-6363-exec-2] DEBUG c.a.p.c.service.umt.MenuServiceImpl - assignMenu 216 :  Menu 298was false from role : ROLE_ACDM_ADMIN
2024-03-14 11:01:58 [http-nio-6363-exec-2] DEBUG c.a.p.c.service.umt.MenuServiceImpl - assignMenu 216 :  Menu 2was false from role : ROLE_ACDM_ADMIN
2024-03-14 11:01:58 [http-nio-6363-exec-2] DEBUG c.a.p.c.service.umt.MenuServiceImpl - assignMenu 216 :  Menu 3was false from role : ROLE_ACDM_ADMIN
2024-03-14 11:01:58 [http-nio-6363-exec-2] DEBUG c.a.p.c.service.umt.MenuServiceImpl - assignMenu 216 :  Menu 154was false from role : ROLE_ACDM_ADMIN
2024-03-14 11:01:58 [http-nio-6363-exec-2] DEBUG c.a.p.c.service.umt.MenuServiceImpl - assignMenu 216 :  Menu 205was false from role : ROLE_ACDM_ADMIN
2024-03-14 11:01:58 [http-nio-6363-exec-2] DEBUG c.a.p.c.service.umt.MenuServiceImpl - assignMenu 216 :  Menu 206was false from role : ROLE_ACDM_ADMIN
2024-03-14 11:01:58 [http-nio-6363-exec-2] DEBUG c.a.p.c.service.umt.MenuServiceImpl - assignMenu 216 :  Menu 207was false from role : ROLE_ACDM_ADMIN
2024-03-14 11:01:58 [http-nio-6363-exec-2] DEBUG c.a.p.c.service.umt.MenuServiceImpl - assignMenu 216 :  Menu 208was false from role : ROLE_ACDM_ADMIN
2024-03-14 11:01:58 [http-nio-6363-exec-2] DEBUG c.a.p.c.service.umt.MenuServiceImpl - assignMenu 216 :  Menu 209was false from role : ROLE_ACDM_ADMIN
2024-03-14 11:01:58 [http-nio-6363-exec-2] DEBUG c.a.p.c.service.umt.MenuServiceImpl - assignMenu 216 :  Menu 155was false from role : ROLE_ACDM_ADMIN
2024-03-14 11:01:58 [http-nio-6363-exec-2] DEBUG c.a.p.c.service.umt.MenuServiceImpl - assignMenu 216 :  Menu 215was false from role : ROLE_ACDM_ADMIN
2024-03-14 11:01:58 [http-nio-6363-exec-2] DEBUG c.a.p.c.service.umt.MenuServiceImpl - assignMenu 216 :  Menu 157was false from role : ROLE_ACDM_ADMIN
2024-03-14 11:01:58 [http-nio-6363-exec-2] DEBUG c.a.p.c.service.umt.MenuServiceImpl - assignMenu 216 :  Menu 229was false from role : ROLE_ACDM_ADMIN
2024-03-14 11:01:58 [http-nio-6363-exec-2] DEBUG c.a.p.c.service.umt.MenuServiceImpl - assignMenu 216 :  Menu 230was false from role : ROLE_ACDM_ADMIN
2024-03-14 11:01:58 [http-nio-6363-exec-2] DEBUG c.a.p.c.service.umt.MenuServiceImpl - assignMenu 216 :  Menu 232was false from role : ROLE_ACDM_ADMIN
2024-03-14 11:01:58 [http-nio-6363-exec-2] DEBUG c.a.p.c.service.umt.MenuServiceImpl - assignMenu 216 :  Menu 233was false from role : ROLE_ACDM_ADMIN
2024-03-14 11:01:58 [http-nio-6363-exec-2] DEBUG c.a.p.c.service.umt.MenuServiceImpl - assignMenu 216 :  Menu 159was false from role : ROLE_ACDM_ADMIN
2024-03-14 11:01:58 [http-nio-6363-exec-2] DEBUG c.a.p.c.service.umt.MenuServiceImpl - assignMenu 216 :  Menu 245was false from role : ROLE_ACDM_ADMIN
2024-03-14 11:01:58 [http-nio-6363-exec-2] DEBUG c.a.p.c.service.umt.MenuServiceImpl - assignMenu 216 :  Menu 5was false from role : ROLE_ACDM_ADMIN
2024-03-14 11:01:58 [http-nio-6363-exec-2] DEBUG c.a.p.c.service.umt.MenuServiceImpl - assignMenu 216 :  Menu 6was false from role : ROLE_ACDM_ADMIN
2024-03-14 11:01:58 [http-nio-6363-exec-2] DEBUG c.a.p.c.service.umt.MenuServiceImpl - assignMenu 216 :  Menu 160was false from role : ROLE_ACDM_ADMIN
2024-03-14 11:01:58 [http-nio-6363-exec-2] DEBUG c.a.p.c.service.umt.MenuServiceImpl - assignMenu 216 :  Menu 250was false from role : ROLE_ACDM_ADMIN
2024-03-14 11:01:58 [http-nio-6363-exec-2] DEBUG c.a.p.c.service.umt.MenuServiceImpl - assignMenu 216 :  Menu 251was false from role : ROLE_ACDM_ADMIN
2024-03-14 11:01:58 [http-nio-6363-exec-2] DEBUG c.a.p.c.service.umt.MenuServiceImpl - assignMenu 216 :  Menu 161was false from role : ROLE_ACDM_ADMIN
2024-03-14 11:01:58 [http-nio-6363-exec-2] DEBUG c.a.p.c.service.umt.MenuServiceImpl - assignMenu 216 :  Menu 255was false from role : ROLE_ACDM_ADMIN
2024-03-14 11:01:58 [http-nio-6363-exec-2] DEBUG c.a.p.c.service.umt.MenuServiceImpl - assignMenu 216 :  Menu 257was false from role : ROLE_ACDM_ADMIN
2024-03-14 11:01:58 [http-nio-6363-exec-2] DEBUG c.a.p.c.service.umt.MenuServiceImpl - assignMenu 216 :  Menu 256was false from role : ROLE_ACDM_ADMIN
2024-03-14 11:01:58 [http-nio-6363-exec-2] DEBUG c.a.p.c.service.umt.MenuServiceImpl - assignMenu 216 :  Menu 258was false from role : ROLE_ACDM_ADMIN
2024-03-14 11:01:58 [http-nio-6363-exec-2] DEBUG c.a.p.c.service.umt.MenuServiceImpl - assignMenu 216 :  Menu 164was false from role : ROLE_ACDM_ADMIN
2024-03-14 11:01:58 [http-nio-6363-exec-2] DEBUG c.a.p.c.service.umt.MenuServiceImpl - assignMenu 216 :  Menu 271was false from role : ROLE_ACDM_ADMIN
2024-03-14 11:01:58 [http-nio-6363-exec-2] DEBUG c.a.p.c.service.umt.MenuServiceImpl - assignMenu 216 :  Menu 165was false from role : ROLE_ACDM_ADMIN
2024-03-14 11:01:58 [http-nio-6363-exec-2] DEBUG c.a.p.c.service.umt.MenuServiceImpl - assignMenu 216 :  Menu 350was false from role : ROLE_ACDM_ADMIN
2024-03-14 11:01:58 [http-nio-6363-exec-2] DEBUG c.a.p.c.service.umt.MenuServiceImpl - assignMenu 216 :  Menu 280was false from role : ROLE_ACDM_ADMIN
2024-03-14 11:01:58 [http-nio-6363-exec-2] DEBUG c.a.p.c.service.umt.MenuServiceImpl - assignMenu 216 :  Menu 281was false from role : ROLE_ACDM_ADMIN
2024-03-14 11:01:58 [http-nio-6363-exec-2] DEBUG c.a.p.c.service.umt.MenuServiceImpl - assignMenu 216 :  Menu 282was false from role : ROLE_ACDM_ADMIN
2024-03-14 11:01:58 [http-nio-6363-exec-2] DEBUG c.a.p.c.service.umt.MenuServiceImpl - assignMenu 216 :  Menu 351was false from role : ROLE_ACDM_ADMIN
2024-03-14 11:01:58 [http-nio-6363-exec-2] DEBUG c.a.p.c.service.umt.MenuServiceImpl - assignMenu 216 :  Menu 283was false from role : ROLE_ACDM_ADMIN
2024-03-14 11:01:58 [http-nio-6363-exec-2] DEBUG c.a.p.c.service.umt.MenuServiceImpl - assignMenu 216 :  Menu 286was false from role : ROLE_ACDM_ADMIN
2024-03-14 11:01:58 [http-nio-6363-exec-2] DEBUG c.a.p.c.service.umt.MenuServiceImpl - assignMenu 216 :  Menu 285was false from role : ROLE_ACDM_ADMIN
2024-03-14 11:01:58 [http-nio-6363-exec-2] DEBUG c.a.p.c.service.umt.MenuServiceImpl - assignMenu 216 :  Menu 284was false from role : ROLE_ACDM_ADMIN
2024-03-14 11:01:58 [http-nio-6363-exec-2] DEBUG c.a.p.c.service.umt.MenuServiceImpl - assignMenu 216 :  Menu 287was false from role : ROLE_ACDM_ADMIN
2024-03-14 11:01:58 [http-nio-6363-exec-2] DEBUG c.a.p.c.service.umt.MenuServiceImpl - assignMenu 216 :  Menu 288was false from role : ROLE_ACDM_ADMIN
2024-03-14 11:01:58 [http-nio-6363-exec-2] DEBUG c.a.p.c.service.umt.MenuServiceImpl - assignMenu 216 :  Menu 290was false from role : ROLE_ACDM_ADMIN
2024-03-14 11:01:58 [http-nio-6363-exec-2] DEBUG c.a.p.c.service.umt.MenuServiceImpl - assignMenu 216 :  Menu 166was false from role : ROLE_ACDM_ADMIN
2024-03-14 11:01:58 [http-nio-6363-exec-2] DEBUG c.a.p.c.service.umt.MenuServiceImpl - assignMenu 216 :  Menu 295was false from role : ROLE_ACDM_ADMIN
2024-03-14 11:01:58 [http-nio-6363-exec-2] DEBUG c.a.p.c.service.umt.MenuServiceImpl - assignMenu 216 :  Menu 600was false from role : ROLE_ACDM_ADMIN
2024-03-14 11:01:58 [http-nio-6363-exec-2] DEBUG c.a.p.c.service.umt.MenuServiceImpl - assignMenu 216 :  Menu 601was false from role : ROLE_ACDM_ADMIN
2024-03-14 11:01:58 [http-nio-6363-exec-2] DEBUG c.a.p.c.service.umt.MenuServiceImpl - assignMenu 216 :  Menu 602was false from role : ROLE_ACDM_ADMIN
2024-03-14 11:01:58 [http-nio-6363-exec-2] DEBUG c.a.p.c.service.umt.MenuServiceImpl - assignMenu 216 :  Menu 603was false from role : ROLE_ACDM_ADMIN
2024-03-14 11:01:58 [http-nio-6363-exec-2] DEBUG c.a.p.c.service.umt.MenuServiceImpl - assignMenu 216 :  Menu 604was false from role : ROLE_ACDM_ADMIN
2024-03-14 11:01:58 [http-nio-6363-exec-2] DEBUG c.a.p.c.service.umt.MenuServiceImpl - assignMenu 216 :  Menu 606was false from role : ROLE_ACDM_ADMIN
2024-03-14 11:01:58 [http-nio-6363-exec-2] DEBUG c.a.p.c.service.umt.MenuServiceImpl - assignMenu 216 :  Menu 605was false from role : ROLE_ACDM_ADMIN
2024-03-14 11:01:58 [http-nio-6363-exec-2] DEBUG c.a.p.c.service.umt.MenuServiceImpl - assignMenu 216 :  Menu 607was false from role : ROLE_ACDM_ADMIN
2024-03-14 11:01:58 [http-nio-6363-exec-2] DEBUG c.a.p.c.service.umt.MenuServiceImpl - assignMenu 216 :  Menu 352was false from role : ROLE_ACDM_ADMIN
2024-03-14 11:01:58 [http-nio-6363-exec-2] DEBUG c.a.p.c.service.umt.MenuServiceImpl - assignMenu 216 :  Menu 300was false from role : ROLE_ACDM_ADMIN
2024-03-14 11:01:58 [http-nio-6363-exec-2] DEBUG c.a.p.c.service.umt.MenuServiceImpl - assignMenu 216 :  Menu 301was false from role : ROLE_ACDM_ADMIN
2024-03-14 11:01:58 [http-nio-6363-exec-2] DEBUG c.a.p.c.service.umt.MenuServiceImpl - assignMenu 216 :  Menu 302was false from role : ROLE_ACDM_ADMIN
2024-03-14 11:01:58 [http-nio-6363-exec-2] DEBUG c.a.p.c.service.umt.MenuServiceImpl - assignMenu 216 :  Menu 360was false from role : ROLE_ACDM_ADMIN
2024-03-14 11:01:58 [http-nio-6363-exec-2] DEBUG c.a.p.c.service.umt.MenuServiceImpl - assignMenu 216 :  Menu 361was false from role : ROLE_ACDM_ADMIN
2024-03-14 11:01:58 [http-nio-6363-exec-2] DEBUG c.a.p.c.service.umt.MenuServiceImpl - assignMenu 216 :  Menu 362was false from role : ROLE_ACDM_ADMIN
2024-03-14 11:01:58 [http-nio-6363-exec-2] DEBUG c.a.p.c.service.umt.MenuServiceImpl - assignMenu 216 :  Menu 363was false from role : ROLE_ACDM_ADMIN
2024-03-14 11:01:58 [http-nio-6363-exec-2] DEBUG c.a.p.c.service.umt.MenuServiceImpl - assignMenu 216 :  Menu 364was false from role : ROLE_ACDM_ADMIN
2024-03-14 11:01:58 [http-nio-6363-exec-2] DEBUG c.a.p.c.service.umt.MenuServiceImpl - assignMenu 216 :  Menu 365was false from role : ROLE_ACDM_ADMIN
2024-03-14 11:01:58 [http-nio-6363-exec-2] DEBUG c.a.p.c.service.umt.MenuServiceImpl - assignMenu 216 :  Menu 16was false from role : ROLE_ACDM_ADMIN
2024-03-14 11:01:58 [http-nio-6363-exec-2] DEBUG c.a.p.c.service.umt.MenuServiceImpl - assignMenu 216 :  Menu 345was false from role : ROLE_ACDM_ADMIN
2024-03-14 11:01:58 [http-nio-6363-exec-2] DEBUG c.a.p.c.service.umt.MenuServiceImpl - assignMenu 216 :  Menu 17was false from role : ROLE_ACDM_ADMIN
2024-03-14 11:01:58 [http-nio-6363-exec-2] DEBUG c.a.p.c.service.umt.MenuServiceImpl - assignMenu 216 :  Menu 18was false from role : ROLE_ACDM_ADMIN
2024-03-14 11:01:58 [http-nio-6363-exec-2] DEBUG c.a.p.c.service.umt.MenuServiceImpl - assignMenu 216 :  Menu 19was false from role : ROLE_ACDM_ADMIN
2024-03-14 11:01:58 [http-nio-6363-exec-2] DEBUG c.a.p.c.service.umt.MenuServiceImpl - assignMenu 216 :  Menu 20was false from role : ROLE_ACDM_ADMIN
2024-03-14 11:01:58 [http-nio-6363-exec-2] DEBUG c.a.p.c.service.umt.MenuServiceImpl - assignMenu 216 :  Menu 234was false from role : ROLE_ACDM_ADMIN
2024-03-14 11:01:58 [http-nio-6363-exec-2] DEBUG c.a.p.c.service.umt.MenuServiceImpl - assignMenu 216 :  Menu 505was false from role : ROLE_ACDM_ADMIN
2024-03-14 11:01:58 [http-nio-6363-exec-2] DEBUG c.a.p.c.service.umt.MenuServiceImpl - assignMenu 216 :  Menu 24was false from role : ROLE_ACDM_ADMIN
2024-03-14 11:01:58 [http-nio-6363-exec-2] DEBUG c.a.p.c.service.umt.MenuServiceImpl - assignMenu 216 :  Menu 97was false from role : ROLE_ACDM_ADMIN
2024-03-14 11:01:58 [http-nio-6363-exec-2] DEBUG c.a.p.c.service.umt.MenuServiceImpl - assignMenu 216 :  Menu 21was false from role : ROLE_ACDM_ADMIN
2024-03-14 11:01:58 [http-nio-6363-exec-2] DEBUG c.a.p.c.service.umt.MenuServiceImpl - assignMenu 216 :  Menu 22was false from role : ROLE_ACDM_ADMIN
2024-03-14 11:01:58 [http-nio-6363-exec-2] DEBUG c.a.p.c.service.umt.MenuServiceImpl - assignMenu 216 :  Menu 23was false from role : ROLE_ACDM_ADMIN
2024-03-14 11:01:58 [http-nio-6363-exec-2] DEBUG c.a.p.c.service.umt.MenuServiceImpl - assignMenu 216 :  Menu 900was false from role : ROLE_ACDM_ADMIN
2024-03-14 11:01:58 [http-nio-6363-exec-2] DEBUG c.a.p.c.service.umt.MenuServiceImpl - assignMenu 216 :  Menu 901was false from role : ROLE_ACDM_ADMIN
2024-03-14 11:01:58 [http-nio-6363-exec-2] DEBUG c.a.p.c.service.umt.MenuServiceImpl - assignMenu 216 :  Menu 902was false from role : ROLE_ACDM_ADMIN
2024-03-14 11:01:58 [http-nio-6363-exec-2] DEBUG c.a.p.c.service.umt.MenuServiceImpl - assignMenu 216 :  Menu 903was false from role : ROLE_ACDM_ADMIN
2024-03-14 11:01:58 [http-nio-6363-exec-2] DEBUG c.a.p.c.service.umt.MenuServiceImpl - assignMenu 216 :  Menu 904was false from role : ROLE_ACDM_ADMIN
2024-03-14 11:01:58 [http-nio-6363-exec-2] DEBUG c.a.p.c.service.umt.MenuServiceImpl - assignMenu 216 :  Menu 905was false from role : ROLE_ACDM_ADMIN
2024-03-14 11:01:58 [http-nio-6363-exec-2] DEBUG c.a.p.c.service.umt.MenuServiceImpl - assignMenu 216 :  Menu 29was false from role : ROLE_ACDM_ADMIN
2024-03-14 11:01:58 [http-nio-6363-exec-2] DEBUG c.a.p.c.service.umt.MenuServiceImpl - assignMenu 216 :  Menu 28was false from role : ROLE_ACDM_ADMIN
2024-03-14 11:01:58 [http-nio-6363-exec-2] DEBUG c.a.p.c.service.umt.MenuServiceImpl - assignMenu 216 :  Menu 30was false from role : ROLE_ACDM_ADMIN
2024-03-14 11:01:58 [http-nio-6363-exec-2] DEBUG c.a.p.c.service.umt.MenuServiceImpl - assignMenu 216 :  Menu 44was false from role : ROLE_ACDM_ADMIN
2024-03-14 11:01:58 [http-nio-6363-exec-2] DEBUG c.a.p.c.service.umt.MenuServiceImpl - assignMenu 216 :  Menu 50was false from role : ROLE_ACDM_ADMIN
2024-03-14 11:01:58 [http-nio-6363-exec-2] DEBUG c.a.p.c.service.umt.MenuServiceImpl - assignMenu 216 :  Menu 51was false from role : ROLE_ACDM_ADMIN
2024-03-14 11:01:58 [http-nio-6363-exec-2] DEBUG c.a.p.c.service.umt.MenuServiceImpl - assignMenu 216 :  Menu 31was false from role : ROLE_ACDM_ADMIN
2024-03-14 11:01:58 [http-nio-6363-exec-2] DEBUG c.a.p.c.service.umt.MenuServiceImpl - assignMenu 216 :  Menu 43was false from role : ROLE_ACDM_ADMIN
2024-03-14 11:01:58 [http-nio-6363-exec-2] DEBUG c.a.p.c.service.umt.MenuServiceImpl - assignMenu 232 : Remobed Menu 210 from role : ROLE_ACDM_ADMIN
2024-03-14 11:01:58 [http-nio-6363-exec-2] DEBUG c.a.p.c.service.umt.MenuServiceImpl - assignMenu 232 : Remobed Menu 231 from role : ROLE_ACDM_ADMIN
2024-03-14 11:01:58 [http-nio-6363-exec-2] DEBUG c.a.p.c.service.umt.MenuServiceImpl - assignMenu 232 : Remobed Menu 291 from role : ROLE_ACDM_ADMIN
2024-03-14 11:02:04 [http-nio-6363-exec-4] WARN  o.s.web.servlet.PageNotFound - noHandlerFound 1251 : No mapping for GET /cmc/application/manage
2024-03-14 11:02:11 [http-nio-6363-exec-10] WARN  o.s.web.servlet.PageNotFound - noHandlerFound 1251 : No mapping for GET /cmc/applicationmap/manage
2024-03-14 11:02:21 [http-nio-6363-exec-3] WARN  o.s.web.servlet.PageNotFound - noHandlerFound 1251 : No mapping for GET /cmc/config/addDepartment
2024-03-14 11:02:41 [http-nio-6363-exec-8] WARN  o.s.web.servlet.PageNotFound - noHandlerFound 1251 : No mapping for GET /cmc/config/addBank
2024-03-14 11:03:03 [http-nio-6363-exec-9] WARN  o.s.web.servlet.PageNotFound - noHandlerFound 1251 : No mapping for GET /cmc/config/bankBranchMaster
2024-03-14 11:14:54 [http-nio-6363-exec-3] INFO  c.a.prod.cmc.config.SessionListener - sessionDestroyed 22 : Session Expired
2024-03-14 11:14:54 [http-nio-6363-exec-6] INFO  c.a.prod.cmc.config.SessionListener - sessionCreated 16 : Session Created
2024-03-14 11:14:54 [http-nio-6363-exec-4] DEBUG c.a.p.c.c.umt.CaptchaController - generateCaptcha 108 : Captcha Option set to s
2024-03-14 11:14:58 [http-nio-6363-exec-3] DEBUG c.a.p.c.c.CustomLoginController - doLogin 129 : ignoring captcha
2024-03-14 11:14:58 [http-nio-6363-exec-3] INFO  c.a.prod.cmc.config.SessionListener - sessionDestroyed 22 : Session Expired
2024-03-14 11:14:58 [http-nio-6363-exec-3] INFO  c.a.prod.cmc.config.SessionListener - sessionCreated 16 : Session Created
2024-03-14 11:18:22 [http-nio-6363-exec-7] INFO  c.a.prod.cmc.config.SessionListener - sessionDestroyed 22 : Session Expired
2024-03-14 11:18:22 [http-nio-6363-exec-4] INFO  c.a.prod.cmc.config.SessionListener - sessionCreated 16 : Session Created
2024-03-14 11:18:22 [http-nio-6363-exec-2] DEBUG c.a.p.c.c.umt.CaptchaController - generateCaptcha 108 : Captcha Option set to s
2024-03-14 11:18:34 [http-nio-6363-exec-7] DEBUG c.a.p.c.c.CustomLoginController - doLogin 129 : ignoring captcha
2024-03-14 11:18:34 [http-nio-6363-exec-7] INFO  c.a.prod.cmc.config.SessionListener - sessionDestroyed 22 : Session Expired
2024-03-14 11:18:34 [http-nio-6363-exec-7] INFO  c.a.prod.cmc.config.SessionListener - sessionCreated 16 : Session Created
2024-03-14 11:19:30 [http-nio-6363-exec-9] INFO  c.a.prod.cmc.config.SessionListener - sessionDestroyed 22 : Session Expired
2024-03-14 11:19:30 [http-nio-6363-exec-8] INFO  c.a.prod.cmc.config.SessionListener - sessionCreated 16 : Session Created
2024-03-14 11:19:30 [http-nio-6363-exec-3] DEBUG c.a.p.c.c.umt.CaptchaController - generateCaptcha 108 : Captcha Option set to s
2024-03-14 11:19:41 [http-nio-6363-exec-9] DEBUG c.a.p.c.c.CustomLoginController - doLogin 191 : Bad Credentials - No user found
2024-03-14 11:19:42 [http-nio-6363-exec-6] DEBUG c.a.p.c.c.umt.CaptchaController - generateCaptcha 108 : Captcha Option set to s
2024-03-14 11:19:47 [http-nio-6363-exec-3] DEBUG c.a.p.c.c.CustomLoginController - doLogin 129 : ignoring captcha
2024-03-14 11:19:47 [http-nio-6363-exec-3] INFO  c.a.prod.cmc.config.SessionListener - sessionDestroyed 22 : Session Expired
2024-03-14 11:19:47 [http-nio-6363-exec-3] INFO  c.a.prod.cmc.config.SessionListener - sessionCreated 16 : Session Created
2024-03-14 11:20:01 [http-nio-6363-exec-5] INFO  c.a.prod.cmc.config.SessionListener - sessionDestroyed 22 : Session Expired
2024-03-14 11:20:01 [http-nio-6363-exec-4] INFO  c.a.prod.cmc.config.SessionListener - sessionCreated 16 : Session Created
2024-03-14 11:20:01 [http-nio-6363-exec-8] DEBUG c.a.p.c.c.umt.CaptchaController - generateCaptcha 108 : Captcha Option set to s
2024-03-14 11:23:28 [http-nio-6363-exec-10] DEBUG c.a.p.c.c.umt.CaptchaController - generateCaptcha 108 : Captcha Option set to s
2024-03-14 11:24:51 [http-nio-6363-exec-9] DEBUG c.a.p.c.c.umt.CaptchaController - generateCaptcha 108 : Captcha Option set to s
2024-03-14 11:25:09 [http-nio-6363-exec-1] DEBUG c.a.p.c.c.umt.CaptchaController - generateCaptcha 108 : Captcha Option set to s
2024-03-14 11:25:22 [http-nio-6363-exec-8] DEBUG c.a.p.c.c.umt.CaptchaController - generateCaptcha 108 : Captcha Option set to s
2024-03-14 11:25:37 [http-nio-6363-exec-6] DEBUG c.a.p.c.c.umt.CaptchaController - generateCaptcha 108 : Captcha Option set to s
2024-03-14 11:26:37 [http-nio-6363-exec-1] DEBUG c.a.p.c.c.umt.CaptchaController - generateCaptcha 108 : Captcha Option set to s
2024-03-14 11:26:53 [http-nio-6363-exec-10] DEBUG c.a.p.c.c.umt.CaptchaController - generateCaptcha 108 : Captcha Option set to s
2024-03-14 11:27:05 [http-nio-6363-exec-8] DEBUG c.a.p.c.c.umt.CaptchaController - generateCaptcha 108 : Captcha Option set to s
2024-03-14 11:27:12 [http-nio-6363-exec-7] DEBUG c.a.p.c.c.umt.CaptchaController - generateCaptcha 108 : Captcha Option set to s
2024-03-14 11:27:31 [http-nio-6363-exec-10] DEBUG c.a.p.c.c.umt.CaptchaController - generateCaptcha 108 : Captcha Option set to s
2024-03-14 11:27:37 [http-nio-6363-exec-6] DEBUG c.a.p.c.c.umt.CaptchaController - generateCaptcha 108 : Captcha Option set to s
2024-03-14 11:27:43 [http-nio-6363-exec-7] DEBUG c.a.p.c.c.umt.CaptchaController - generateCaptcha 108 : Captcha Option set to s
2024-03-14 11:28:20 [http-nio-6363-exec-5] DEBUG c.a.p.c.c.umt.CaptchaController - generateCaptcha 108 : Captcha Option set to s
2024-03-14 11:28:28 [http-nio-6363-exec-4] DEBUG c.a.p.c.c.umt.CaptchaController - generateCaptcha 108 : Captcha Option set to s
2024-03-14 11:28:36 [http-nio-6363-exec-6] DEBUG c.a.p.c.c.umt.CaptchaController - generateCaptcha 108 : Captcha Option set to s
2024-03-14 11:28:42 [http-nio-6363-exec-10] DEBUG c.a.p.c.c.umt.CaptchaController - generateCaptcha 108 : Captcha Option set to s
2024-03-14 11:28:52 [http-nio-6363-exec-3] DEBUG c.a.p.c.c.umt.CaptchaController - generateCaptcha 108 : Captcha Option set to s
2024-03-14 11:29:00 [http-nio-6363-exec-10] DEBUG c.a.p.c.c.umt.CaptchaController - generateCaptcha 108 : Captcha Option set to s
2024-03-14 11:29:06 [http-nio-6363-exec-7] DEBUG c.a.p.c.c.umt.CaptchaController - generateCaptcha 108 : Captcha Option set to s
2024-03-14 11:29:39 [http-nio-6363-exec-4] DEBUG c.a.p.c.c.umt.CaptchaController - generateCaptcha 108 : Captcha Option set to s
2024-03-14 11:30:24 [http-nio-6363-exec-8] DEBUG c.a.p.c.c.umt.CaptchaController - generateCaptcha 108 : Captcha Option set to s
2024-03-14 11:30:39 [http-nio-6363-exec-3] DEBUG c.a.p.c.c.umt.CaptchaController - generateCaptcha 108 : Captcha Option set to s
2024-03-14 11:30:50 [http-nio-6363-exec-1] DEBUG c.a.p.c.c.umt.CaptchaController - generateCaptcha 108 : Captcha Option set to s
2024-03-14 11:30:57 [http-nio-6363-exec-4] DEBUG c.a.p.c.c.umt.CaptchaController - generateCaptcha 108 : Captcha Option set to s
2024-03-14 11:31:35 [http-nio-6363-exec-10] DEBUG c.a.p.c.c.CustomLoginController - doLogin 129 : ignoring captcha
2024-03-14 11:31:36 [http-nio-6363-exec-10] INFO  c.a.prod.cmc.config.SessionListener - sessionDestroyed 22 : Session Expired
2024-03-14 11:31:36 [http-nio-6363-exec-10] INFO  c.a.prod.cmc.config.SessionListener - sessionCreated 16 : Session Created
2024-03-14 11:31:44 [http-nio-6363-exec-8] INFO  c.a.prod.cmc.config.SessionListener - sessionDestroyed 22 : Session Expired
2024-03-14 11:31:44 [http-nio-6363-exec-7] INFO  c.a.prod.cmc.config.SessionListener - sessionCreated 16 : Session Created
2024-03-14 11:31:44 [http-nio-6363-exec-4] DEBUG c.a.p.c.c.umt.CaptchaController - generateCaptcha 108 : Captcha Option set to s
2024-03-14 11:33:48 [restartedMain] INFO  c.a.p.c.a.CMC_SWPApplication - logStarting 55 : Starting CMC_SWPApplication on DESKTOP-J7B43I1 with PID 25740 (E:\PRADYUMNA WORKSPACE\CMC\CMC-SWP\target\classes started by AASHDIT in E:\PRADYUMNA WORKSPACE\CMC\CMC-SWP)
2024-03-14 11:33:48 [restartedMain] DEBUG c.a.p.c.a.CMC_SWPApplication - logStarting 56 : Running with Spring Boot v2.3.1.RELEASE, Spring v5.2.7.RELEASE
2024-03-14 11:33:48 [restartedMain] INFO  c.a.p.c.a.CMC_SWPApplication - logStartupProfileInfo 655 : The following profiles are active: dev
2024-03-14 11:33:52 [restartedMain] DEBUG c.a.prod.cmc.security.JwtFilter - init 242 : Filter 'jwtFilter' configured for use
2024-03-14 11:33:55 [restartedMain] WARN  o.s.b.w.s.c.AnnotationConfigServletWebServerApplicationContext - refresh 559 : Exception encountered during context initialization - cancelling refresh attempt: org.springframework.beans.factory.BeanCreationException: Error creating bean with name 'homeController' defined in file [E:\PRADYUMNA WORKSPACE\CMC\CMC-SWP\target\classes\com\aashdit\prod\cmc\controller\HomeController.class]: Instantiation of bean failed; nested exception is org.springframework.beans.BeanInstantiationException: Failed to instantiate [com.aashdit.prod.cmc.controller.HomeController]: Constructor threw exception; nested exception is java.lang.Error: Unresolved compilation problems: 
	The import com.aashdit.prod.cmc.framework cannot be resolved
	The import com.aashdit.prod.cmc.framework cannot be resolved
	The import com.aashdit.prod.cmc.model cannot be resolved
	The import com.aashdit.prod.cmc.model cannot be resolved
	The import com.aashdit.prod.cmc.model cannot be resolved
	The import com.aashdit.prod.cmc.repository cannot be resolved
	The import com.aashdit.prod.cmc.service cannot be resolved
	The import com.aashdit.prod.cmc.service cannot be resolved
	The import com.aashdit.prod.cmc.service cannot be resolved
	The import com.aashdit.prod.cmc.utils cannot be resolved
	The import com.aashdit.prod.cmc.utils cannot be resolved
	ForgotPasswordService cannot be resolved to a type
	UserLoginHistoryRepository cannot be resolved to a type
	UserService cannot be resolved to a type
	AccessService cannot be resolved to a type
	User cannot be resolved to a type
	SecurityHelper cannot be resolved
	UserRoleMap cannot be resolved to a type
	AccessService cannot be resolved to a type
	ServiceOutcome cannot be resolved to a type
	ForgotPasswordService cannot be resolved to a type
	UserLoginHistory cannot be resolved to a type
	UserLoginHistoryRepository cannot be resolved to a type
	UserLoginHistory cannot be resolved
	User cannot be resolved to a type
	UserService cannot be resolved to a type
	AesUtil cannot be resolved to a type
	AesUtil cannot be resolved to a type
	PasswordValidator cannot be resolved
	UserService cannot be resolved to a type

2024-03-14 11:33:55 [restartedMain] ERROR o.s.boot.SpringApplication - reportFailure 837 : Application run failed
org.springframework.beans.factory.BeanCreationException: Error creating bean with name 'homeController' defined in file [E:\PRADYUMNA WORKSPACE\CMC\CMC-SWP\target\classes\com\aashdit\prod\cmc\controller\HomeController.class]: Instantiation of bean failed; nested exception is org.springframework.beans.BeanInstantiationException: Failed to instantiate [com.aashdit.prod.cmc.controller.HomeController]: Constructor threw exception; nested exception is java.lang.Error: Unresolved compilation problems: 
	The import com.aashdit.prod.cmc.framework cannot be resolved
	The import com.aashdit.prod.cmc.framework cannot be resolved
	The import com.aashdit.prod.cmc.model cannot be resolved
	The import com.aashdit.prod.cmc.model cannot be resolved
	The import com.aashdit.prod.cmc.model cannot be resolved
	The import com.aashdit.prod.cmc.repository cannot be resolved
	The import com.aashdit.prod.cmc.service cannot be resolved
	The import com.aashdit.prod.cmc.service cannot be resolved
	The import com.aashdit.prod.cmc.service cannot be resolved
	The import com.aashdit.prod.cmc.utils cannot be resolved
	The import com.aashdit.prod.cmc.utils cannot be resolved
	ForgotPasswordService cannot be resolved to a type
	UserLoginHistoryRepository cannot be resolved to a type
	UserService cannot be resolved to a type
	AccessService cannot be resolved to a type
	User cannot be resolved to a type
	SecurityHelper cannot be resolved
	UserRoleMap cannot be resolved to a type
	AccessService cannot be resolved to a type
	ServiceOutcome cannot be resolved to a type
	ForgotPasswordService cannot be resolved to a type
	UserLoginHistory cannot be resolved to a type
	UserLoginHistoryRepository cannot be resolved to a type
	UserLoginHistory cannot be resolved
	User cannot be resolved to a type
	UserService cannot be resolved to a type
	AesUtil cannot be resolved to a type
	AesUtil cannot be resolved to a type
	PasswordValidator cannot be resolved
	UserService cannot be resolved to a type

	at org.springframework.beans.factory.support.AbstractAutowireCapableBeanFactory.instantiateBean(AbstractAutowireCapableBeanFactory.java:1320)
	at org.springframework.beans.factory.support.AbstractAutowireCapableBeanFactory.createBeanInstance(AbstractAutowireCapableBeanFactory.java:1214)
	at org.springframework.beans.factory.support.AbstractAutowireCapableBeanFactory.doCreateBean(AbstractAutowireCapableBeanFactory.java:557)
	at org.springframework.beans.factory.support.AbstractAutowireCapableBeanFactory.createBean(AbstractAutowireCapableBeanFactory.java:517)
	at org.springframework.beans.factory.support.AbstractBeanFactory.lambda$doGetBean$0(AbstractBeanFactory.java:323)
	at org.springframework.beans.factory.support.DefaultSingletonBeanRegistry.getSingleton(DefaultSingletonBeanRegistry.java:226)
	at org.springframework.beans.factory.support.AbstractBeanFactory.doGetBean(AbstractBeanFactory.java:321)
	at org.springframework.beans.factory.support.AbstractBeanFactory.getBean(AbstractBeanFactory.java:202)
	at org.springframework.beans.factory.support.DefaultListableBeanFactory.preInstantiateSingletons(DefaultListableBeanFactory.java:893)
	at org.springframework.context.support.AbstractApplicationContext.finishBeanFactoryInitialization(AbstractApplicationContext.java:879)
	at org.springframework.context.support.AbstractApplicationContext.refresh(AbstractApplicationContext.java:551)
	at org.springframework.boot.web.servlet.context.ServletWebServerApplicationContext.refresh(ServletWebServerApplicationContext.java:143)
	at org.springframework.boot.SpringApplication.refresh(SpringApplication.java:758)
	at org.springframework.boot.SpringApplication.refresh(SpringApplication.java:750)
	at org.springframework.boot.SpringApplication.refreshContext(SpringApplication.java:397)
	at org.springframework.boot.SpringApplication.run(SpringApplication.java:315)
	at org.springframework.boot.SpringApplication.run(SpringApplication.java:1237)
	at org.springframework.boot.SpringApplication.run(SpringApplication.java:1226)
	at com.aashdit.prod.cmc.application.CMC_SWPApplication.main(CMC_SWPApplication.java:21)
	at java.base/jdk.internal.reflect.NativeMethodAccessorImpl.invoke0(Native Method)
	at java.base/jdk.internal.reflect.NativeMethodAccessorImpl.invoke(NativeMethodAccessorImpl.java:64)
	at java.base/jdk.internal.reflect.DelegatingMethodAccessorImpl.invoke(DelegatingMethodAccessorImpl.java:43)
	at java.base/java.lang.reflect.Method.invoke(Method.java:564)
	at org.springframework.boot.devtools.restart.RestartLauncher.run(RestartLauncher.java:49)
Caused by: org.springframework.beans.BeanInstantiationException: Failed to instantiate [com.aashdit.prod.cmc.controller.HomeController]: Constructor threw exception; nested exception is java.lang.Error: Unresolved compilation problems: 
	The import com.aashdit.prod.cmc.framework cannot be resolved
	The import com.aashdit.prod.cmc.framework cannot be resolved
	The import com.aashdit.prod.cmc.model cannot be resolved
	The import com.aashdit.prod.cmc.model cannot be resolved
	The import com.aashdit.prod.cmc.model cannot be resolved
	The import com.aashdit.prod.cmc.repository cannot be resolved
	The import com.aashdit.prod.cmc.service cannot be resolved
	The import com.aashdit.prod.cmc.service cannot be resolved
	The import com.aashdit.prod.cmc.service cannot be resolved
	The import com.aashdit.prod.cmc.utils cannot be resolved
	The import com.aashdit.prod.cmc.utils cannot be resolved
	ForgotPasswordService cannot be resolved to a type
	UserLoginHistoryRepository cannot be resolved to a type
	UserService cannot be resolved to a type
	AccessService cannot be resolved to a type
	User cannot be resolved to a type
	SecurityHelper cannot be resolved
	UserRoleMap cannot be resolved to a type
	AccessService cannot be resolved to a type
	ServiceOutcome cannot be resolved to a type
	ForgotPasswordService cannot be resolved to a type
	UserLoginHistory cannot be resolved to a type
	UserLoginHistoryRepository cannot be resolved to a type
	UserLoginHistory cannot be resolved
	User cannot be resolved to a type
	UserService cannot be resolved to a type
	AesUtil cannot be resolved to a type
	AesUtil cannot be resolved to a type
	PasswordValidator cannot be resolved
	UserService cannot be resolved to a type

	at org.springframework.beans.BeanUtils.instantiateClass(BeanUtils.java:217)
	at org.springframework.beans.factory.support.SimpleInstantiationStrategy.instantiate(SimpleInstantiationStrategy.java:87)
	at org.springframework.beans.factory.support.AbstractAutowireCapableBeanFactory.instantiateBean(AbstractAutowireCapableBeanFactory.java:1312)
	... 23 common frames omitted
Caused by: java.lang.Error: Unresolved compilation problems: 
	The import com.aashdit.prod.cmc.framework cannot be resolved
	The import com.aashdit.prod.cmc.framework cannot be resolved
	The import com.aashdit.prod.cmc.model cannot be resolved
	The import com.aashdit.prod.cmc.model cannot be resolved
	The import com.aashdit.prod.cmc.model cannot be resolved
	The import com.aashdit.prod.cmc.repository cannot be resolved
	The import com.aashdit.prod.cmc.service cannot be resolved
	The import com.aashdit.prod.cmc.service cannot be resolved
	The import com.aashdit.prod.cmc.service cannot be resolved
	The import com.aashdit.prod.cmc.utils cannot be resolved
	The import com.aashdit.prod.cmc.utils cannot be resolved
	ForgotPasswordService cannot be resolved to a type
	UserLoginHistoryRepository cannot be resolved to a type
	UserService cannot be resolved to a type
	AccessService cannot be resolved to a type
	User cannot be resolved to a type
	SecurityHelper cannot be resolved
	UserRoleMap cannot be resolved to a type
	AccessService cannot be resolved to a type
	ServiceOutcome cannot be resolved to a type
	ForgotPasswordService cannot be resolved to a type
	UserLoginHistory cannot be resolved to a type
	UserLoginHistoryRepository cannot be resolved to a type
	UserLoginHistory cannot be resolved
	User cannot be resolved to a type
	UserService cannot be resolved to a type
	AesUtil cannot be resolved to a type
	AesUtil cannot be resolved to a type
	PasswordValidator cannot be resolved
	UserService cannot be resolved to a type

	at com.aashdit.prod.cmc.controller.HomeController.<init>(HomeController.java:24)
	at java.base/jdk.internal.reflect.NativeConstructorAccessorImpl.newInstance0(Native Method)
	at java.base/jdk.internal.reflect.NativeConstructorAccessorImpl.newInstance(NativeConstructorAccessorImpl.java:64)
	at java.base/jdk.internal.reflect.DelegatingConstructorAccessorImpl.newInstance(DelegatingConstructorAccessorImpl.java:45)
	at java.base/java.lang.reflect.Constructor.newInstanceWithCaller(Constructor.java:500)
	at java.base/java.lang.reflect.Constructor.newInstance(Constructor.java:481)
	at org.springframework.beans.BeanUtils.instantiateClass(BeanUtils.java:204)
	... 25 common frames omitted
2024-03-14 11:33:58 [restartedMain] INFO  c.a.p.c.a.CMC_SWPApplication - logStarting 55 : Starting CMC_SWPApplication on DESKTOP-J7B43I1 with PID 25740 (E:\PRADYUMNA WORKSPACE\CMC\CMC-SWP\target\classes started by AASHDIT in E:\PRADYUMNA WORKSPACE\CMC\CMC-SWP)
2024-03-14 11:33:58 [restartedMain] DEBUG c.a.p.c.a.CMC_SWPApplication - logStarting 56 : Running with Spring Boot v2.3.1.RELEASE, Spring v5.2.7.RELEASE
2024-03-14 11:33:58 [restartedMain] INFO  c.a.p.c.a.CMC_SWPApplication - logStartupProfileInfo 655 : The following profiles are active: dev
2024-03-14 11:34:02 [restartedMain] DEBUG c.a.prod.cmc.security.JwtFilter - init 242 : Filter 'jwtFilter' configured for use
2024-03-14 11:34:05 [restartedMain] WARN  o.s.b.w.s.c.AnnotationConfigServletWebServerApplicationContext - refresh 559 : Exception encountered during context initialization - cancelling refresh attempt: org.springframework.beans.factory.BeanCreationException: Error creating bean with name 'homeController' defined in file [E:\PRADYUMNA WORKSPACE\CMC\CMC-SWP\target\classes\com\aashdit\prod\cmc\controller\HomeController.class]: Instantiation of bean failed; nested exception is org.springframework.beans.BeanInstantiationException: Failed to instantiate [com.aashdit.prod.cmc.controller.HomeController]: Constructor threw exception; nested exception is java.lang.Error: Unresolved compilation problems: 
	The import com.aashdit.prod.cmc.framework cannot be resolved
	The import com.aashdit.prod.cmc.framework cannot be resolved
	The import com.aashdit.prod.cmc.model cannot be resolved
	The import com.aashdit.prod.cmc.model cannot be resolved
	The import com.aashdit.prod.cmc.model cannot be resolved
	The import com.aashdit.prod.cmc.repository cannot be resolved
	The import com.aashdit.prod.cmc.service cannot be resolved
	The import com.aashdit.prod.cmc.service cannot be resolved
	The import com.aashdit.prod.cmc.service cannot be resolved
	The import com.aashdit.prod.cmc.utils cannot be resolved
	The import com.aashdit.prod.cmc.utils cannot be resolved
	ForgotPasswordService cannot be resolved to a type
	UserLoginHistoryRepository cannot be resolved to a type
	UserService cannot be resolved to a type
	AccessService cannot be resolved to a type
	User cannot be resolved to a type
	SecurityHelper cannot be resolved
	UserRoleMap cannot be resolved to a type
	AccessService cannot be resolved to a type
	ServiceOutcome cannot be resolved to a type
	ForgotPasswordService cannot be resolved to a type
	UserLoginHistory cannot be resolved to a type
	UserLoginHistoryRepository cannot be resolved to a type
	UserLoginHistory cannot be resolved
	User cannot be resolved to a type
	UserService cannot be resolved to a type
	AesUtil cannot be resolved to a type
	AesUtil cannot be resolved to a type
	PasswordValidator cannot be resolved
	UserService cannot be resolved to a type

2024-03-14 11:34:05 [restartedMain] ERROR o.s.boot.SpringApplication - reportFailure 837 : Application run failed
org.springframework.beans.factory.BeanCreationException: Error creating bean with name 'homeController' defined in file [E:\PRADYUMNA WORKSPACE\CMC\CMC-SWP\target\classes\com\aashdit\prod\cmc\controller\HomeController.class]: Instantiation of bean failed; nested exception is org.springframework.beans.BeanInstantiationException: Failed to instantiate [com.aashdit.prod.cmc.controller.HomeController]: Constructor threw exception; nested exception is java.lang.Error: Unresolved compilation problems: 
	The import com.aashdit.prod.cmc.framework cannot be resolved
	The import com.aashdit.prod.cmc.framework cannot be resolved
	The import com.aashdit.prod.cmc.model cannot be resolved
	The import com.aashdit.prod.cmc.model cannot be resolved
	The import com.aashdit.prod.cmc.model cannot be resolved
	The import com.aashdit.prod.cmc.repository cannot be resolved
	The import com.aashdit.prod.cmc.service cannot be resolved
	The import com.aashdit.prod.cmc.service cannot be resolved
	The import com.aashdit.prod.cmc.service cannot be resolved
	The import com.aashdit.prod.cmc.utils cannot be resolved
	The import com.aashdit.prod.cmc.utils cannot be resolved
	ForgotPasswordService cannot be resolved to a type
	UserLoginHistoryRepository cannot be resolved to a type
	UserService cannot be resolved to a type
	AccessService cannot be resolved to a type
	User cannot be resolved to a type
	SecurityHelper cannot be resolved
	UserRoleMap cannot be resolved to a type
	AccessService cannot be resolved to a type
	ServiceOutcome cannot be resolved to a type
	ForgotPasswordService cannot be resolved to a type
	UserLoginHistory cannot be resolved to a type
	UserLoginHistoryRepository cannot be resolved to a type
	UserLoginHistory cannot be resolved
	User cannot be resolved to a type
	UserService cannot be resolved to a type
	AesUtil cannot be resolved to a type
	AesUtil cannot be resolved to a type
	PasswordValidator cannot be resolved
	UserService cannot be resolved to a type

	at org.springframework.beans.factory.support.AbstractAutowireCapableBeanFactory.instantiateBean(AbstractAutowireCapableBeanFactory.java:1320)
	at org.springframework.beans.factory.support.AbstractAutowireCapableBeanFactory.createBeanInstance(AbstractAutowireCapableBeanFactory.java:1214)
	at org.springframework.beans.factory.support.AbstractAutowireCapableBeanFactory.doCreateBean(AbstractAutowireCapableBeanFactory.java:557)
	at org.springframework.beans.factory.support.AbstractAutowireCapableBeanFactory.createBean(AbstractAutowireCapableBeanFactory.java:517)
	at org.springframework.beans.factory.support.AbstractBeanFactory.lambda$doGetBean$0(AbstractBeanFactory.java:323)
	at org.springframework.beans.factory.support.DefaultSingletonBeanRegistry.getSingleton(DefaultSingletonBeanRegistry.java:226)
	at org.springframework.beans.factory.support.AbstractBeanFactory.doGetBean(AbstractBeanFactory.java:321)
	at org.springframework.beans.factory.support.AbstractBeanFactory.getBean(AbstractBeanFactory.java:202)
	at org.springframework.beans.factory.support.DefaultListableBeanFactory.preInstantiateSingletons(DefaultListableBeanFactory.java:893)
	at org.springframework.context.support.AbstractApplicationContext.finishBeanFactoryInitialization(AbstractApplicationContext.java:879)
	at org.springframework.context.support.AbstractApplicationContext.refresh(AbstractApplicationContext.java:551)
	at org.springframework.boot.web.servlet.context.ServletWebServerApplicationContext.refresh(ServletWebServerApplicationContext.java:143)
	at org.springframework.boot.SpringApplication.refresh(SpringApplication.java:758)
	at org.springframework.boot.SpringApplication.refresh(SpringApplication.java:750)
	at org.springframework.boot.SpringApplication.refreshContext(SpringApplication.java:397)
	at org.springframework.boot.SpringApplication.run(SpringApplication.java:315)
	at org.springframework.boot.SpringApplication.run(SpringApplication.java:1237)
	at org.springframework.boot.SpringApplication.run(SpringApplication.java:1226)
	at com.aashdit.prod.cmc.application.CMC_SWPApplication.main(CMC_SWPApplication.java:21)
	at java.base/jdk.internal.reflect.NativeMethodAccessorImpl.invoke0(Native Method)
	at java.base/jdk.internal.reflect.NativeMethodAccessorImpl.invoke(NativeMethodAccessorImpl.java:64)
	at java.base/jdk.internal.reflect.DelegatingMethodAccessorImpl.invoke(DelegatingMethodAccessorImpl.java:43)
	at java.base/java.lang.reflect.Method.invoke(Method.java:564)
	at org.springframework.boot.devtools.restart.RestartLauncher.run(RestartLauncher.java:49)
Caused by: org.springframework.beans.BeanInstantiationException: Failed to instantiate [com.aashdit.prod.cmc.controller.HomeController]: Constructor threw exception; nested exception is java.lang.Error: Unresolved compilation problems: 
	The import com.aashdit.prod.cmc.framework cannot be resolved
	The import com.aashdit.prod.cmc.framework cannot be resolved
	The import com.aashdit.prod.cmc.model cannot be resolved
	The import com.aashdit.prod.cmc.model cannot be resolved
	The import com.aashdit.prod.cmc.model cannot be resolved
	The import com.aashdit.prod.cmc.repository cannot be resolved
	The import com.aashdit.prod.cmc.service cannot be resolved
	The import com.aashdit.prod.cmc.service cannot be resolved
	The import com.aashdit.prod.cmc.service cannot be resolved
	The import com.aashdit.prod.cmc.utils cannot be resolved
	The import com.aashdit.prod.cmc.utils cannot be resolved
	ForgotPasswordService cannot be resolved to a type
	UserLoginHistoryRepository cannot be resolved to a type
	UserService cannot be resolved to a type
	AccessService cannot be resolved to a type
	User cannot be resolved to a type
	SecurityHelper cannot be resolved
	UserRoleMap cannot be resolved to a type
	AccessService cannot be resolved to a type
	ServiceOutcome cannot be resolved to a type
	ForgotPasswordService cannot be resolved to a type
	UserLoginHistory cannot be resolved to a type
	UserLoginHistoryRepository cannot be resolved to a type
	UserLoginHistory cannot be resolved
	User cannot be resolved to a type
	UserService cannot be resolved to a type
	AesUtil cannot be resolved to a type
	AesUtil cannot be resolved to a type
	PasswordValidator cannot be resolved
	UserService cannot be resolved to a type

	at org.springframework.beans.BeanUtils.instantiateClass(BeanUtils.java:217)
	at org.springframework.beans.factory.support.SimpleInstantiationStrategy.instantiate(SimpleInstantiationStrategy.java:87)
	at org.springframework.beans.factory.support.AbstractAutowireCapableBeanFactory.instantiateBean(AbstractAutowireCapableBeanFactory.java:1312)
	... 23 common frames omitted
Caused by: java.lang.Error: Unresolved compilation problems: 
	The import com.aashdit.prod.cmc.framework cannot be resolved
	The import com.aashdit.prod.cmc.framework cannot be resolved
	The import com.aashdit.prod.cmc.model cannot be resolved
	The import com.aashdit.prod.cmc.model cannot be resolved
	The import com.aashdit.prod.cmc.model cannot be resolved
	The import com.aashdit.prod.cmc.repository cannot be resolved
	The import com.aashdit.prod.cmc.service cannot be resolved
	The import com.aashdit.prod.cmc.service cannot be resolved
	The import com.aashdit.prod.cmc.service cannot be resolved
	The import com.aashdit.prod.cmc.utils cannot be resolved
	The import com.aashdit.prod.cmc.utils cannot be resolved
	ForgotPasswordService cannot be resolved to a type
	UserLoginHistoryRepository cannot be resolved to a type
	UserService cannot be resolved to a type
	AccessService cannot be resolved to a type
	User cannot be resolved to a type
	SecurityHelper cannot be resolved
	UserRoleMap cannot be resolved to a type
	AccessService cannot be resolved to a type
	ServiceOutcome cannot be resolved to a type
	ForgotPasswordService cannot be resolved to a type
	UserLoginHistory cannot be resolved to a type
	UserLoginHistoryRepository cannot be resolved to a type
	UserLoginHistory cannot be resolved
	User cannot be resolved to a type
	UserService cannot be resolved to a type
	AesUtil cannot be resolved to a type
	AesUtil cannot be resolved to a type
	PasswordValidator cannot be resolved
	UserService cannot be resolved to a type

	at com.aashdit.prod.cmc.controller.HomeController.<init>(HomeController.java:24)
	at java.base/jdk.internal.reflect.NativeConstructorAccessorImpl.newInstance0(Native Method)
	at java.base/jdk.internal.reflect.NativeConstructorAccessorImpl.newInstance(NativeConstructorAccessorImpl.java:64)
	at java.base/jdk.internal.reflect.DelegatingConstructorAccessorImpl.newInstance(DelegatingConstructorAccessorImpl.java:45)
	at java.base/java.lang.reflect.Constructor.newInstanceWithCaller(Constructor.java:500)
	at java.base/java.lang.reflect.Constructor.newInstance(Constructor.java:481)
	at org.springframework.beans.BeanUtils.instantiateClass(BeanUtils.java:204)
	... 25 common frames omitted
2024-03-14 11:47:49 [restartedMain] INFO  c.a.p.c.a.CMC_SWPApplication - logStarting 55 : Starting CMC_SWPApplication on DESKTOP-J7B43I1 with PID 21940 (E:\PRADYUMNA WORKSPACE\CMC\CMC-SWP\target\classes started by AASHDIT in E:\PRADYUMNA WORKSPACE\CMC\CMC-SWP)
2024-03-14 11:47:49 [restartedMain] DEBUG c.a.p.c.a.CMC_SWPApplication - logStarting 56 : Running with Spring Boot v2.3.1.RELEASE, Spring v5.2.7.RELEASE
2024-03-14 11:47:49 [restartedMain] INFO  c.a.p.c.a.CMC_SWPApplication - logStartupProfileInfo 655 : The following profiles are active: dev
2024-03-14 11:47:54 [restartedMain] WARN  Hibernate Types - printBanner 282 : You should use Hypersistence Optimizer to speed up your Hibernate application!
2024-03-14 11:47:54 [restartedMain] WARN  Hibernate Types - printBanner 283 : For more details, go to https://vladmihalcea.com/hypersistence-optimizer/
2024-03-14 11:47:54 [restartedMain] INFO  Hibernate Types - printBanner 285 : 
 _    _                           _     _
| |  | |                         (_)   | |
| |__| |_   _ _ __   ___ _ __ ___ _ ___| |_ ___ _ __   ___ ___
|  __  | | | | '_ \ / _ \ '__/ __| / __| __/ _ \ '_ \ / __/ _ \
| |  | | |_| | |_) |  __/ |  \__ \ \__ \ ||  __/ | | | (_|  __/
|_|  |_|\__, | .__/ \___|_|  |___/_|___/\__\___|_| |_|\___\___|
         __/ | |
        |___/|_|

           ____        _   _           _
          / __ \      | | (_)         (_)
         | |  | |_ __ | |_ _ _ __ ___  _ _______ _ __
         | |  | | '_ \| __| | '_ ` _ \| |_  / _ \ '__|
         | |__| | |_) | |_| | | | | | | |/ /  __/ |
          \____/| .__/ \__|_|_| |_| |_|_/___\___|_|
                | |
                |_|

2024-03-14 11:47:54 [restartedMain] INFO  Hibernate Types - printBanner 309 : Check out the README page for more info about the Hypersistence Optimizer banner https://github.com/vladmihalcea/hibernate-types#how-to-remove-the-hypersistence-optimizer-banner-from-the-log
2024-03-14 11:47:57 [restartedMain] DEBUG c.a.prod.cmc.security.JwtFilter - init 242 : Filter 'jwtFilter' configured for use
2024-03-14 11:48:01 [restartedMain] INFO  c.a.p.c.a.CMC_SWPApplication - logStarted 61 : Started CMC_SWPApplication in 12.576 seconds (JVM running for 13.683)
2024-03-14 11:48:23 [http-nio-6363-exec-9] DEBUG c.a.p.c.c.umt.CaptchaController - generateCaptcha 108 : Captcha Option set to s
2024-03-14 11:48:26 [http-nio-6363-exec-10] DEBUG c.a.p.c.c.CustomLoginController - doLogin 129 : ignoring captcha
2024-03-14 11:48:27 [http-nio-6363-exec-10] INFO  c.a.prod.cmc.config.SessionListener - sessionDestroyed 22 : Session Expired
2024-03-14 11:48:27 [http-nio-6363-exec-10] INFO  c.a.prod.cmc.config.SessionListener - sessionCreated 16 : Session Created
2024-03-14 11:48:28 [http-nio-6363-exec-1] INFO  c.a.p.cmc.controller.HomeController - home 61 : com.aashdit.prod.cmc.model.umt.User@4a042cf8
