2024-01-23 09:35:38 [scheduling-1] ERROR o.h.e.jdbc.spi.SqlExceptionHelper - logExceptions 142 : HKCP - Connection is not available, request timed out after 72967628ms.
2024-01-23 09:35:45 [scheduling-1] ERROR o.h.e.jdbc.spi.SqlExceptionHelper - logExceptions 142 : This connection has been closed.
2024-01-23 09:35:53 [scheduling-1] ERROR c.a.p.heads.scheduler.EmailSendTask - sendEmail 90 : Unable to acquire JDBC Connection; nested exception is org.hibernate.exception.JDBCConnectionException: Unable to acquire JDBC Connection
2024-01-23 09:41:09 [scheduling-1] ERROR o.h.e.jdbc.spi.SqlExceptionHelper - logExceptions 142 : An I/O error occurred while sending to the backend.
2024-01-23 09:41:09 [scheduling-1] ERROR c.a.p.heads.scheduler.EmailSendTask - sendEmail 90 : could not extract ResultSet; nested exception is org.hibernate.exception.JDBCConnectionException: could not extract ResultSet
2024-01-23 14:30:28 [scheduling-1] ERROR o.h.e.jdbc.spi.SqlExceptionHelper - logExceptions 142 : ERROR: relation "t_util_mail_queue" does not exist
  Position: 418
2024-01-23 14:30:28 [scheduling-1] ERROR c.a.p.heads.scheduler.EmailSendTask - sendEmail 90 : could not extract ResultSet; SQL [n/a]; nested exception is org.hibernate.exception.SQLGrammarException: could not extract ResultSet
2024-01-23 14:31:28 [scheduling-1] ERROR o.h.e.jdbc.spi.SqlExceptionHelper - logExceptions 142 : ERROR: relation "t_util_mail_queue" does not exist
  Position: 418
2024-01-23 14:31:28 [scheduling-1] ERROR c.a.p.heads.scheduler.EmailSendTask - sendEmail 90 : could not extract ResultSet; SQL [n/a]; nested exception is org.hibernate.exception.SQLGrammarException: could not extract ResultSet
2024-01-23 14:32:28 [scheduling-1] ERROR o.h.e.jdbc.spi.SqlExceptionHelper - logExceptions 142 : ERROR: relation "t_util_mail_queue" does not exist
  Position: 418
2024-01-23 14:32:28 [scheduling-1] ERROR c.a.p.heads.scheduler.EmailSendTask - sendEmail 90 : could not extract ResultSet; SQL [n/a]; nested exception is org.hibernate.exception.SQLGrammarException: could not extract ResultSet
2024-01-23 14:33:28 [scheduling-1] ERROR o.h.e.jdbc.spi.SqlExceptionHelper - logExceptions 142 : ERROR: relation "t_util_mail_queue" does not exist
  Position: 418
2024-01-23 14:33:28 [scheduling-1] ERROR c.a.p.heads.scheduler.EmailSendTask - sendEmail 90 : could not extract ResultSet; SQL [n/a]; nested exception is org.hibernate.exception.SQLGrammarException: could not extract ResultSet
2024-01-23 14:34:28 [scheduling-1] ERROR o.h.e.jdbc.spi.SqlExceptionHelper - logExceptions 142 : ERROR: relation "t_util_mail_queue" does not exist
  Position: 418
2024-01-23 14:34:28 [scheduling-1] ERROR c.a.p.heads.scheduler.EmailSendTask - sendEmail 90 : could not extract ResultSet; SQL [n/a]; nested exception is org.hibernate.exception.SQLGrammarException: could not extract ResultSet
2024-01-23 14:35:28 [scheduling-1] ERROR o.h.e.jdbc.spi.SqlExceptionHelper - logExceptions 142 : ERROR: relation "t_util_mail_queue" does not exist
  Position: 418
2024-01-23 14:35:28 [scheduling-1] ERROR c.a.p.heads.scheduler.EmailSendTask - sendEmail 90 : could not extract ResultSet; SQL [n/a]; nested exception is org.hibernate.exception.SQLGrammarException: could not extract ResultSet
2024-01-23 14:36:28 [scheduling-1] ERROR o.h.e.jdbc.spi.SqlExceptionHelper - logExceptions 142 : ERROR: relation "t_util_mail_queue" does not exist
  Position: 418
2024-01-23 14:36:28 [scheduling-1] ERROR c.a.p.heads.scheduler.EmailSendTask - sendEmail 90 : could not extract ResultSet; SQL [n/a]; nested exception is org.hibernate.exception.SQLGrammarException: could not extract ResultSet
2024-01-23 14:37:28 [scheduling-1] ERROR o.h.e.jdbc.spi.SqlExceptionHelper - logExceptions 142 : ERROR: relation "t_util_mail_queue" does not exist
  Position: 418
2024-01-23 14:37:28 [scheduling-1] ERROR c.a.p.heads.scheduler.EmailSendTask - sendEmail 90 : could not extract ResultSet; SQL [n/a]; nested exception is org.hibernate.exception.SQLGrammarException: could not extract ResultSet
2024-01-23 14:38:28 [scheduling-1] ERROR o.h.e.jdbc.spi.SqlExceptionHelper - logExceptions 142 : ERROR: relation "t_util_mail_queue" does not exist
  Position: 418
2024-01-23 14:38:28 [scheduling-1] ERROR c.a.p.heads.scheduler.EmailSendTask - sendEmail 90 : could not extract ResultSet; SQL [n/a]; nested exception is org.hibernate.exception.SQLGrammarException: could not extract ResultSet
2024-01-23 14:39:28 [scheduling-1] ERROR o.h.e.jdbc.spi.SqlExceptionHelper - logExceptions 142 : ERROR: relation "t_util_mail_queue" does not exist
  Position: 418
2024-01-23 14:39:28 [scheduling-1] ERROR c.a.p.heads.scheduler.EmailSendTask - sendEmail 90 : could not extract ResultSet; SQL [n/a]; nested exception is org.hibernate.exception.SQLGrammarException: could not extract ResultSet
2024-01-23 14:40:28 [scheduling-1] ERROR o.h.e.jdbc.spi.SqlExceptionHelper - logExceptions 142 : ERROR: relation "t_util_mail_queue" does not exist
  Position: 418
2024-01-23 14:40:28 [scheduling-1] ERROR c.a.p.heads.scheduler.EmailSendTask - sendEmail 90 : could not extract ResultSet; SQL [n/a]; nested exception is org.hibernate.exception.SQLGrammarException: could not extract ResultSet
2024-01-23 14:41:28 [scheduling-1] ERROR o.h.e.jdbc.spi.SqlExceptionHelper - logExceptions 142 : ERROR: relation "t_util_mail_queue" does not exist
  Position: 418
2024-01-23 14:41:28 [scheduling-1] ERROR c.a.p.heads.scheduler.EmailSendTask - sendEmail 90 : could not extract ResultSet; SQL [n/a]; nested exception is org.hibernate.exception.SQLGrammarException: could not extract ResultSet
2024-01-23 14:42:28 [scheduling-1] ERROR o.h.e.jdbc.spi.SqlExceptionHelper - logExceptions 142 : ERROR: relation "t_util_mail_queue" does not exist
  Position: 418
2024-01-23 14:42:28 [scheduling-1] ERROR c.a.p.heads.scheduler.EmailSendTask - sendEmail 90 : could not extract ResultSet; SQL [n/a]; nested exception is org.hibernate.exception.SQLGrammarException: could not extract ResultSet
2024-01-23 14:43:28 [scheduling-1] ERROR o.h.e.jdbc.spi.SqlExceptionHelper - logExceptions 142 : ERROR: relation "t_util_mail_queue" does not exist
  Position: 418
2024-01-23 14:43:28 [scheduling-1] ERROR c.a.p.heads.scheduler.EmailSendTask - sendEmail 90 : could not extract ResultSet; SQL [n/a]; nested exception is org.hibernate.exception.SQLGrammarException: could not extract ResultSet
2024-01-23 14:44:28 [scheduling-1] ERROR o.h.e.jdbc.spi.SqlExceptionHelper - logExceptions 142 : ERROR: relation "t_util_mail_queue" does not exist
  Position: 418
2024-01-23 14:44:28 [scheduling-1] ERROR c.a.p.heads.scheduler.EmailSendTask - sendEmail 90 : could not extract ResultSet; SQL [n/a]; nested exception is org.hibernate.exception.SQLGrammarException: could not extract ResultSet
2024-01-23 14:45:28 [scheduling-1] ERROR o.h.e.jdbc.spi.SqlExceptionHelper - logExceptions 142 : ERROR: relation "t_util_mail_queue" does not exist
  Position: 418
2024-01-23 14:45:28 [scheduling-1] ERROR c.a.p.heads.scheduler.EmailSendTask - sendEmail 90 : could not extract ResultSet; SQL [n/a]; nested exception is org.hibernate.exception.SQLGrammarException: could not extract ResultSet
2024-01-23 14:46:28 [scheduling-1] ERROR o.h.e.jdbc.spi.SqlExceptionHelper - logExceptions 142 : ERROR: relation "t_util_mail_queue" does not exist
  Position: 418
2024-01-23 14:46:28 [scheduling-1] ERROR c.a.p.heads.scheduler.EmailSendTask - sendEmail 90 : could not extract ResultSet; SQL [n/a]; nested exception is org.hibernate.exception.SQLGrammarException: could not extract ResultSet
2024-01-23 14:47:28 [scheduling-1] ERROR o.h.e.jdbc.spi.SqlExceptionHelper - logExceptions 142 : ERROR: relation "t_util_mail_queue" does not exist
  Position: 418
2024-01-23 14:47:28 [scheduling-1] ERROR c.a.p.heads.scheduler.EmailSendTask - sendEmail 90 : could not extract ResultSet; SQL [n/a]; nested exception is org.hibernate.exception.SQLGrammarException: could not extract ResultSet
2024-01-23 14:48:28 [scheduling-1] ERROR o.h.e.jdbc.spi.SqlExceptionHelper - logExceptions 142 : ERROR: relation "t_util_mail_queue" does not exist
  Position: 418
2024-01-23 14:48:28 [scheduling-1] ERROR c.a.p.heads.scheduler.EmailSendTask - sendEmail 90 : could not extract ResultSet; SQL [n/a]; nested exception is org.hibernate.exception.SQLGrammarException: could not extract ResultSet
2024-01-23 14:49:28 [scheduling-1] ERROR o.h.e.jdbc.spi.SqlExceptionHelper - logExceptions 142 : ERROR: relation "t_util_mail_queue" does not exist
  Position: 418
2024-01-23 14:49:28 [scheduling-1] ERROR c.a.p.heads.scheduler.EmailSendTask - sendEmail 90 : could not extract ResultSet; SQL [n/a]; nested exception is org.hibernate.exception.SQLGrammarException: could not extract ResultSet
2024-01-23 14:50:28 [scheduling-1] ERROR o.h.e.jdbc.spi.SqlExceptionHelper - logExceptions 142 : ERROR: relation "t_util_mail_queue" does not exist
  Position: 418
2024-01-23 14:50:28 [scheduling-1] ERROR c.a.p.heads.scheduler.EmailSendTask - sendEmail 90 : could not extract ResultSet; SQL [n/a]; nested exception is org.hibernate.exception.SQLGrammarException: could not extract ResultSet
2024-01-23 14:51:28 [scheduling-1] ERROR o.h.e.jdbc.spi.SqlExceptionHelper - logExceptions 142 : ERROR: relation "t_util_mail_queue" does not exist
  Position: 418
2024-01-23 14:51:28 [scheduling-1] ERROR c.a.p.heads.scheduler.EmailSendTask - sendEmail 90 : could not extract ResultSet; SQL [n/a]; nested exception is org.hibernate.exception.SQLGrammarException: could not extract ResultSet
2024-01-23 14:52:28 [scheduling-1] ERROR o.h.e.jdbc.spi.SqlExceptionHelper - logExceptions 142 : ERROR: relation "t_util_mail_queue" does not exist
  Position: 418
2024-01-23 14:52:28 [scheduling-1] ERROR c.a.p.heads.scheduler.EmailSendTask - sendEmail 90 : could not extract ResultSet; SQL [n/a]; nested exception is org.hibernate.exception.SQLGrammarException: could not extract ResultSet
2024-01-23 14:53:28 [scheduling-1] ERROR o.h.e.jdbc.spi.SqlExceptionHelper - logExceptions 142 : ERROR: relation "t_util_mail_queue" does not exist
  Position: 418
2024-01-23 14:53:28 [scheduling-1] ERROR c.a.p.heads.scheduler.EmailSendTask - sendEmail 90 : could not extract ResultSet; SQL [n/a]; nested exception is org.hibernate.exception.SQLGrammarException: could not extract ResultSet
2024-01-23 14:54:28 [scheduling-1] ERROR o.h.e.jdbc.spi.SqlExceptionHelper - logExceptions 142 : ERROR: relation "t_util_mail_queue" does not exist
  Position: 418
2024-01-23 14:54:28 [scheduling-1] ERROR c.a.p.heads.scheduler.EmailSendTask - sendEmail 90 : could not extract ResultSet; SQL [n/a]; nested exception is org.hibernate.exception.SQLGrammarException: could not extract ResultSet
2024-01-23 14:55:28 [scheduling-1] ERROR o.h.e.jdbc.spi.SqlExceptionHelper - logExceptions 142 : ERROR: relation "t_util_mail_queue" does not exist
  Position: 418
2024-01-23 14:55:28 [scheduling-1] ERROR c.a.p.heads.scheduler.EmailSendTask - sendEmail 90 : could not extract ResultSet; SQL [n/a]; nested exception is org.hibernate.exception.SQLGrammarException: could not extract ResultSet
2024-01-23 14:56:28 [scheduling-1] ERROR o.h.e.jdbc.spi.SqlExceptionHelper - logExceptions 142 : ERROR: relation "t_util_mail_queue" does not exist
  Position: 418
2024-01-23 14:56:28 [scheduling-1] ERROR c.a.p.heads.scheduler.EmailSendTask - sendEmail 90 : could not extract ResultSet; SQL [n/a]; nested exception is org.hibernate.exception.SQLGrammarException: could not extract ResultSet
2024-01-23 14:57:28 [scheduling-1] ERROR o.h.e.jdbc.spi.SqlExceptionHelper - logExceptions 142 : ERROR: relation "t_util_mail_queue" does not exist
  Position: 418
2024-01-23 14:57:28 [scheduling-1] ERROR c.a.p.heads.scheduler.EmailSendTask - sendEmail 90 : could not extract ResultSet; SQL [n/a]; nested exception is org.hibernate.exception.SQLGrammarException: could not extract ResultSet
2024-01-23 14:58:28 [scheduling-1] ERROR o.h.e.jdbc.spi.SqlExceptionHelper - logExceptions 142 : ERROR: relation "t_util_mail_queue" does not exist
  Position: 418
2024-01-23 14:58:28 [scheduling-1] ERROR c.a.p.heads.scheduler.EmailSendTask - sendEmail 90 : could not extract ResultSet; SQL [n/a]; nested exception is org.hibernate.exception.SQLGrammarException: could not extract ResultSet
2024-01-23 14:59:28 [scheduling-1] ERROR o.h.e.jdbc.spi.SqlExceptionHelper - logExceptions 142 : ERROR: relation "t_util_mail_queue" does not exist
  Position: 418
2024-01-23 14:59:28 [scheduling-1] ERROR c.a.p.heads.scheduler.EmailSendTask - sendEmail 90 : could not extract ResultSet; SQL [n/a]; nested exception is org.hibernate.exception.SQLGrammarException: could not extract ResultSet
2024-01-23 15:00:28 [scheduling-1] ERROR o.h.e.jdbc.spi.SqlExceptionHelper - logExceptions 142 : ERROR: relation "t_util_mail_queue" does not exist
  Position: 418
2024-01-23 15:00:28 [scheduling-1] ERROR c.a.p.heads.scheduler.EmailSendTask - sendEmail 90 : could not extract ResultSet; SQL [n/a]; nested exception is org.hibernate.exception.SQLGrammarException: could not extract ResultSet
2024-01-23 15:01:28 [scheduling-1] ERROR o.h.e.jdbc.spi.SqlExceptionHelper - logExceptions 142 : ERROR: relation "t_util_mail_queue" does not exist
  Position: 418
2024-01-23 15:01:28 [scheduling-1] ERROR c.a.p.heads.scheduler.EmailSendTask - sendEmail 90 : could not extract ResultSet; SQL [n/a]; nested exception is org.hibernate.exception.SQLGrammarException: could not extract ResultSet
2024-01-23 15:02:28 [scheduling-1] ERROR o.h.e.jdbc.spi.SqlExceptionHelper - logExceptions 142 : ERROR: relation "t_util_mail_queue" does not exist
  Position: 418
2024-01-23 15:02:28 [scheduling-1] ERROR c.a.p.heads.scheduler.EmailSendTask - sendEmail 90 : could not extract ResultSet; SQL [n/a]; nested exception is org.hibernate.exception.SQLGrammarException: could not extract ResultSet
2024-01-23 15:03:28 [scheduling-1] ERROR o.h.e.jdbc.spi.SqlExceptionHelper - logExceptions 142 : ERROR: relation "t_util_mail_queue" does not exist
  Position: 418
2024-01-23 15:03:28 [scheduling-1] ERROR c.a.p.heads.scheduler.EmailSendTask - sendEmail 90 : could not extract ResultSet; SQL [n/a]; nested exception is org.hibernate.exception.SQLGrammarException: could not extract ResultSet
2024-01-23 15:04:28 [scheduling-1] ERROR o.h.e.jdbc.spi.SqlExceptionHelper - logExceptions 142 : ERROR: relation "t_util_mail_queue" does not exist
  Position: 418
2024-01-23 15:04:28 [scheduling-1] ERROR c.a.p.heads.scheduler.EmailSendTask - sendEmail 90 : could not extract ResultSet; SQL [n/a]; nested exception is org.hibernate.exception.SQLGrammarException: could not extract ResultSet
2024-01-23 15:05:28 [scheduling-1] ERROR o.h.e.jdbc.spi.SqlExceptionHelper - logExceptions 142 : ERROR: relation "t_util_mail_queue" does not exist
  Position: 418
2024-01-23 15:05:28 [scheduling-1] ERROR c.a.p.heads.scheduler.EmailSendTask - sendEmail 90 : could not extract ResultSet; SQL [n/a]; nested exception is org.hibernate.exception.SQLGrammarException: could not extract ResultSet
2024-01-23 15:06:28 [scheduling-1] ERROR o.h.e.jdbc.spi.SqlExceptionHelper - logExceptions 142 : ERROR: relation "t_util_mail_queue" does not exist
  Position: 418
2024-01-23 15:06:28 [scheduling-1] ERROR c.a.p.heads.scheduler.EmailSendTask - sendEmail 90 : could not extract ResultSet; SQL [n/a]; nested exception is org.hibernate.exception.SQLGrammarException: could not extract ResultSet
2024-01-23 15:07:28 [scheduling-1] ERROR o.h.e.jdbc.spi.SqlExceptionHelper - logExceptions 142 : ERROR: relation "t_util_mail_queue" does not exist
  Position: 418
2024-01-23 15:07:28 [scheduling-1] ERROR c.a.p.heads.scheduler.EmailSendTask - sendEmail 90 : could not extract ResultSet; SQL [n/a]; nested exception is org.hibernate.exception.SQLGrammarException: could not extract ResultSet
2024-01-23 15:16:00 [scheduling-1] ERROR o.h.e.jdbc.spi.SqlExceptionHelper - logExceptions 142 : HKCP - Connection is not available, request timed out after 300001ms.
2024-01-23 15:16:00 [scheduling-1] ERROR o.h.e.jdbc.spi.SqlExceptionHelper - logExceptions 142 : Connection to 209.97.136.18:5432 refused. Check that the hostname and port are correct and that the postmaster is accepting TCP/IP connections.
2024-01-23 15:16:00 [scheduling-1] ERROR c.a.p.heads.scheduler.EmailSendTask - sendEmail 90 : Unable to acquire JDBC Connection; nested exception is org.hibernate.exception.JDBCConnectionException: Unable to acquire JDBC Connection
2024-01-23 15:21:00 [scheduling-1] ERROR o.h.e.jdbc.spi.SqlExceptionHelper - logExceptions 142 : HKCP - Connection is not available, request timed out after 300010ms.
2024-01-23 15:21:00 [scheduling-1] ERROR o.h.e.jdbc.spi.SqlExceptionHelper - logExceptions 142 : Connection to 209.97.136.18:5432 refused. Check that the hostname and port are correct and that the postmaster is accepting TCP/IP connections.
2024-01-23 15:21:00 [scheduling-1] ERROR c.a.p.heads.scheduler.EmailSendTask - sendEmail 90 : Unable to acquire JDBC Connection; nested exception is org.hibernate.exception.JDBCConnectionException: Unable to acquire JDBC Connection
2024-01-23 15:26:00 [scheduling-1] ERROR o.h.e.jdbc.spi.SqlExceptionHelper - logExceptions 142 : HKCP - Connection is not available, request timed out after 300013ms.
2024-01-23 15:26:00 [scheduling-1] ERROR o.h.e.jdbc.spi.SqlExceptionHelper - logExceptions 142 : FATAL: password authentication failed for user "headuser"
2024-01-23 15:26:00 [scheduling-1] ERROR c.a.p.heads.scheduler.EmailSendTask - sendEmail 90 : Unable to acquire JDBC Connection; nested exception is org.hibernate.exception.JDBCConnectionException: Unable to acquire JDBC Connection
2024-01-23 15:31:07 [scheduling-1] ERROR o.h.e.jdbc.spi.SqlExceptionHelper - logExceptions 142 : HKCP - Connection is not available, request timed out after 307249ms.
2024-01-23 15:31:07 [scheduling-1] ERROR o.h.e.jdbc.spi.SqlExceptionHelper - logExceptions 142 : FATAL: password authentication failed for user "headuser"
2024-01-23 15:31:07 [scheduling-1] ERROR c.a.p.heads.scheduler.EmailSendTask - sendEmail 90 : Unable to acquire JDBC Connection; nested exception is org.hibernate.exception.JDBCConnectionException: Unable to acquire JDBC Connection
