2024-02-04 12:20:03 [Catalina-utility-2] INFO  c.a.p.heads.config.SessionListener - sessionDestroyed 22 : Session Expired
2024-02-04 12:21:08 [http-nio-6363-exec-10] INFO  c.a.p.heads.config.SessionListener - sessionCreated 16 : Session Created
2024-02-04 12:21:10 [http-nio-6363-exec-4] DEBUG c.a.p.h.c.umt.CaptchaController - generateCaptcha 108 : Captcha Option set to s
2024-02-04 12:21:12 [http-nio-6363-exec-5] DEBUG c.a.p.h.c.CustomLoginController - doLogin 136 : ignoring captcha
2024-02-04 12:21:13 [http-nio-6363-exec-5] INFO  c.a.p.heads.config.SessionListener - sessionDestroyed 22 : Session Expired
2024-02-04 12:21:13 [http-nio-6363-exec-5] INFO  c.a.p.heads.config.SessionListener - sessionCreated 16 : Session Created
2024-02-04 14:03:11 [Catalina-utility-1] INFO  c.a.p.heads.config.SessionListener - sessionDestroyed 22 : Session Expired
2024-02-04 14:05:34 [http-nio-6363-exec-5] INFO  c.a.p.heads.config.SessionListener - sessionCreated 16 : Session Created
2024-02-04 14:05:34 [http-nio-6363-exec-9] DEBUG c.a.p.h.c.umt.CaptchaController - generateCaptcha 108 : Captcha Option set to s
2024-02-04 14:05:48 [http-nio-6363-exec-11] DEBUG c.a.p.h.c.umt.CaptchaController - generateCaptcha 108 : Captcha Option set to s
2024-02-04 14:05:53 [http-nio-6363-exec-1] DEBUG c.a.p.h.c.CustomLoginController - doLogin 136 : ignoring captcha
2024-02-04 14:05:53 [http-nio-6363-exec-1] INFO  c.a.p.heads.config.SessionListener - sessionDestroyed 22 : Session Expired
2024-02-04 14:05:53 [http-nio-6363-exec-1] INFO  c.a.p.heads.config.SessionListener - sessionCreated 16 : Session Created
2024-02-04 14:37:12 [Catalina-utility-1] INFO  c.a.p.heads.config.SessionListener - sessionDestroyed 22 : Session Expired
2024-02-04 15:27:55 [http-nio-6363-exec-4] INFO  c.a.p.heads.config.SessionListener - sessionCreated 16 : Session Created
2024-02-04 15:27:56 [http-nio-6363-exec-1] DEBUG c.a.p.h.c.umt.CaptchaController - generateCaptcha 108 : Captcha Option set to s
2024-02-04 15:28:04 [http-nio-6363-exec-12] DEBUG c.a.p.h.c.CustomLoginController - doLogin 136 : ignoring captcha
2024-02-04 15:28:04 [http-nio-6363-exec-12] INFO  c.a.p.heads.config.SessionListener - sessionDestroyed 22 : Session Expired
2024-02-04 15:28:04 [http-nio-6363-exec-12] INFO  c.a.p.heads.config.SessionListener - sessionCreated 16 : Session Created
2024-02-04 16:18:13 [Catalina-utility-1] INFO  c.a.p.heads.config.SessionListener - sessionDestroyed 22 : Session Expired
2024-02-04 18:12:15 [http-nio-6363-exec-8] INFO  c.a.p.heads.config.SessionListener - sessionCreated 16 : Session Created
2024-02-04 18:12:15 [http-nio-6363-exec-11] DEBUG c.a.p.h.c.umt.CaptchaController - generateCaptcha 108 : Captcha Option set to s
2024-02-04 18:12:20 [http-nio-6363-exec-1] DEBUG c.a.p.h.c.CustomLoginController - doLogin 136 : ignoring captcha
2024-02-04 18:12:20 [http-nio-6363-exec-1] INFO  c.a.p.heads.config.SessionListener - sessionDestroyed 22 : Session Expired
2024-02-04 18:12:20 [http-nio-6363-exec-1] INFO  c.a.p.heads.config.SessionListener - sessionCreated 16 : Session Created
2024-02-04 22:32:21 [Catalina-utility-1] INFO  c.a.p.heads.config.SessionListener - sessionDestroyed 22 : Session Expired
2024-02-04 22:57:25 [http-nio-6363-exec-12] INFO  c.a.p.heads.config.SessionListener - sessionCreated 16 : Session Created
2024-02-04 22:57:26 [http-nio-6363-exec-6] DEBUG c.a.p.h.c.umt.CaptchaController - generateCaptcha 108 : Captcha Option set to s
2024-02-04 22:57:29 [http-nio-6363-exec-4] DEBUG c.a.p.h.c.CustomLoginController - doLogin 136 : ignoring captcha
2024-02-04 22:57:30 [http-nio-6363-exec-4] INFO  c.a.p.heads.config.SessionListener - sessionDestroyed 22 : Session Expired
2024-02-04 22:57:30 [http-nio-6363-exec-4] INFO  c.a.p.heads.config.SessionListener - sessionCreated 16 : Session Created
2024-02-04 23:28:06 [Catalina-utility-2] INFO  c.a.p.heads.config.SessionListener - sessionDestroyed 22 : Session Expired
2024-02-04 23:35:26 [http-nio-6363-exec-9] INFO  c.a.p.heads.config.SessionListener - sessionCreated 16 : Session Created
2024-02-04 23:35:26 [http-nio-6363-exec-12] DEBUG c.a.p.h.c.umt.CaptchaController - generateCaptcha 108 : Captcha Option set to s
2024-02-04 23:35:28 [http-nio-6363-exec-6] DEBUG c.a.p.h.c.CustomLoginController - doLogin 136 : ignoring captcha
2024-02-04 23:35:29 [http-nio-6363-exec-6] INFO  c.a.p.heads.config.SessionListener - sessionDestroyed 22 : Session Expired
2024-02-04 23:35:29 [http-nio-6363-exec-6] INFO  c.a.p.heads.config.SessionListener - sessionCreated 16 : Session Created
